2020-08-10 16:42:38: -- C#: ANÁLISIS comenzado por User en ordenador 'SIN-IT-2' (GoodSync v 9.7.6.6)
2020-08-10 16:42:38: E:\Proyecto BD II Cuatrimestre V2 (E:/Proyecto BD II Cuatrimestre V2) =PropDels=> ~maguilar\OneDrive\UH\Proyecto BD II Cuatrimestre V2 (C:/Users/maguilar/OneDrive/UH/Proyecto BD II Cuatrimestre V2)
2020-08-10 16:42:38: I: Archivos: 1.249 (excluidos 2). Carpetas: 290 (excluidas 2). E: NTFS, Libre: 212 GB, Total: 249 GB
2020-08-10 16:42:38: D: Archivos: 1.244 (excluidos 1). Carpetas: 291 (excluidas 1). C: NTFS, Libre: 55,6 GB, Total: 237 GB
2020-08-10 16:42:38: Cambios: 44, Conflictos: 0, TiempoCopia: 0, EstadoCopia: 0/41, Errores: 0
2020-08-10 16:42:38: Left to Right: Copy File: 43 Delete File: 1 
2020-08-10 16:42:38: -- Análisis Completado. Tiempo 00:00:00, Velocidad: Many archivo/s
2020-08-10 16:42:38: 
2020-08-10 16:43:17: == C#: SINC comenzada por User en 'SIN-IT-2'
2020-08-10 16:43:17: E:\Proyecto BD II Cuatrimestre V2 (E:/Proyecto BD II Cuatrimestre V2) =PropDels=> ~maguilar\OneDrive\UH\Proyecto BD II Cuatrimestre V2 (C:/Users/maguilar/OneDrive/UH/Proyecto BD II Cuatrimestre V2)
2020-08-10 16:43:17: Borrar Archivo 'C:/Users/maguilar/OneDrive/UH/Proyecto BD II Cuatrimestre V2/SQLprimero y ultimo.txt'
2020-08-10 16:43:17: Copiar Nueva 'E:/Proyecto BD II Cuatrimestre V2/DiseñoBD/10082020_1641HRS.sql' -> 'C:/Users/maguilar/OneDrive/UH/Proyecto BD II Cuatrimestre V2/DiseñoBD/10082020_1641HRS.sql'
2020-08-10 16:43:17: Copiar Nueva 'E:/Proyecto BD II Cuatrimestre V2/Fuente/Proyecto/Ferreteria/Ferreteria.Datos/DEmpresa.cs' -> 'C:/Users/maguilar/OneDrive/UH/Proyecto BD II Cuatrimestre V2/Fuente/Proyecto/Ferreteria/Ferreteria.Datos/DEmpresa.cs'
2020-08-10 16:43:17: Copiar Sobre 'E:/Proyecto BD II Cuatrimestre V2/Fuente/Proyecto/Ferreteria/Ferreteria.Datos/Ferreteria.Datos.csproj' -> 'C:/Users/maguilar/OneDrive/UH/Proyecto BD II Cuatrimestre V2/Fuente/Proyecto/Ferreteria/Ferreteria.Datos/Ferreteria.Datos.csproj'
2020-08-10 16:43:17: Copiar Sobre 'E:/Proyecto BD II Cuatrimestre V2/Fuente/Proyecto/Ferreteria/Ferreteria.Datos/obj/Debug/DesignTimeResolveAssemblyReferencesInput.cache' -> 'C:/Users/maguilar/OneDrive/UH/Proyecto BD II Cuatrimestre V2/Fuente/Proyecto/Ferreteria/Ferreteria.Datos/obj/Debug/DesignTimeResolveAssemblyReferencesInput.cache'
2020-08-10 16:43:17: Copiar Sobre 'E:/Proyecto BD II Cuatrimestre V2/Fuente/Proyecto/Ferreteria/Ferreteria.Datos/obj/Debug/Ferreteria.Datos.csprojAssemblyReference.cache' -> 'C:/Users/maguilar/OneDrive/UH/Proyecto BD II Cuatrimestre V2/Fuente/Proyecto/Ferreteria/Ferreteria.Datos/obj/Debug/Ferreteria.Datos.csprojAssemblyReference.cache'
2020-08-10 16:43:17: Copiar Sobre 'E:/Proyecto BD II Cuatrimestre V2/Fuente/Proyecto/Ferreteria/Ferreteria.Entidades/TBL_EMPRESA.cs' -> 'C:/Users/maguilar/OneDrive/UH/Proyecto BD II Cuatrimestre V2/Fuente/Proyecto/Ferreteria/Ferreteria.Entidades/TBL_EMPRESA.cs'
2020-08-10 16:43:17: Copiar Sobre 'E:/Proyecto BD II Cuatrimestre V2/Fuente/Proyecto/Ferreteria/Ferreteria.Negocio/Ferreteria.Negocio.csproj' -> 'C:/Users/maguilar/OneDrive/UH/Proyecto BD II Cuatrimestre V2/Fuente/Proyecto/Ferreteria/Ferreteria.Negocio/Ferreteria.Negocio.csproj'
2020-08-10 16:43:17: Copiar Nueva 'E:/Proyecto BD II Cuatrimestre V2/Fuente/Proyecto/Ferreteria/Ferreteria.Negocio/NEmpresa.cs' -> 'C:/Users/maguilar/OneDrive/UH/Proyecto BD II Cuatrimestre V2/Fuente/Proyecto/Ferreteria/Ferreteria.Negocio/NEmpresa.cs'
2020-08-10 16:43:17: Copiar Sobre 'E:/Proyecto BD II Cuatrimestre V2/Fuente/Proyecto/Ferreteria/Ferreteria.Negocio/obj/Debug/DesignTimeResolveAssemblyReferencesInput.cache' -> 'C:/Users/maguilar/OneDrive/UH/Proyecto BD II Cuatrimestre V2/Fuente/Proyecto/Ferreteria/Ferreteria.Negocio/obj/Debug/DesignTimeResolveAssemblyReferencesInput.cache'
2020-08-10 16:43:17: Copiar Sobre 'E:/Proyecto BD II Cuatrimestre V2/Fuente/Proyecto/Ferreteria/Ferreteria.Negocio/obj/Debug/Ferreteria.Negocio.csprojAssemblyReference.cache' -> 'C:/Users/maguilar/OneDrive/UH/Proyecto BD II Cuatrimestre V2/Fuente/Proyecto/Ferreteria/Ferreteria.Negocio/obj/Debug/Ferreteria.Negocio.csprojAssemblyReference.cache'
2020-08-10 16:43:17: Copiar Sobre 'E:/Proyecto BD II Cuatrimestre V2/Fuente/Proyecto/Ferreteria/Ferreteria.Presentacion/bin/Debug/Ferreteria.Presentacion.exe' -> 'C:/Users/maguilar/OneDrive/UH/Proyecto BD II Cuatrimestre V2/Fuente/Proyecto/Ferreteria/Ferreteria.Presentacion/bin/Debug/Ferreteria.Presentacion.exe'
2020-08-10 16:43:17: Copiar Sobre 'E:/Proyecto BD II Cuatrimestre V2/Fuente/Proyecto/Ferreteria/Ferreteria.Presentacion/bin/Debug/Ferreteria.Presentacion.pdb' -> 'C:/Users/maguilar/OneDrive/UH/Proyecto BD II Cuatrimestre V2/Fuente/Proyecto/Ferreteria/Ferreteria.Presentacion/bin/Debug/Ferreteria.Presentacion.pdb'
2020-08-10 16:43:17: Copiar Sobre 'E:/Proyecto BD II Cuatrimestre V2/Fuente/Proyecto/Ferreteria/Ferreteria.Presentacion/Ferreteria.Presentacion.csproj' -> 'C:/Users/maguilar/OneDrive/UH/Proyecto BD II Cuatrimestre V2/Fuente/Proyecto/Ferreteria/Ferreteria.Presentacion/Ferreteria.Presentacion.csproj'
2020-08-10 16:43:17: Copiar Nueva 'E:/Proyecto BD II Cuatrimestre V2/Fuente/Proyecto/Ferreteria/Ferreteria.Presentacion/FRM_DATOS_EMPRESA.cs' -> 'C:/Users/maguilar/OneDrive/UH/Proyecto BD II Cuatrimestre V2/Fuente/Proyecto/Ferreteria/Ferreteria.Presentacion/FRM_DATOS_EMPRESA.cs'
2020-08-10 16:43:17: Copiar Nueva 'E:/Proyecto BD II Cuatrimestre V2/Fuente/Proyecto/Ferreteria/Ferreteria.Presentacion/FRM_DATOS_EMPRESA.Designer.cs' -> 'C:/Users/maguilar/OneDrive/UH/Proyecto BD II Cuatrimestre V2/Fuente/Proyecto/Ferreteria/Ferreteria.Presentacion/FRM_DATOS_EMPRESA.Designer.cs'
2020-08-10 16:43:18: Copiar Nueva 'E:/Proyecto BD II Cuatrimestre V2/Fuente/Proyecto/Ferreteria/Ferreteria.Presentacion/FRM_DATOS_EMPRESA.resx' -> 'C:/Users/maguilar/OneDrive/UH/Proyecto BD II Cuatrimestre V2/Fuente/Proyecto/Ferreteria/Ferreteria.Presentacion/FRM_DATOS_EMPRESA.resx'
2020-08-10 16:43:18: Copiar Sobre 'E:/Proyecto BD II Cuatrimestre V2/Fuente/Proyecto/Ferreteria/Ferreteria.Presentacion/FRM_Unds_Medidas.cs' -> 'C:/Users/maguilar/OneDrive/UH/Proyecto BD II Cuatrimestre V2/Fuente/Proyecto/Ferreteria/Ferreteria.Presentacion/FRM_Unds_Medidas.cs'
2020-08-10 16:43:18: Copiar Sobre 'E:/Proyecto BD II Cuatrimestre V2/Fuente/Proyecto/Ferreteria/Ferreteria.Presentacion/FRM_Unds_Medidas.Designer.cs' -> 'C:/Users/maguilar/OneDrive/UH/Proyecto BD II Cuatrimestre V2/Fuente/Proyecto/Ferreteria/Ferreteria.Presentacion/FRM_Unds_Medidas.Designer.cs'
2020-08-10 16:43:18: Copiar Sobre 'E:/Proyecto BD II Cuatrimestre V2/Fuente/Proyecto/Ferreteria/Ferreteria.Presentacion/FRM_Unds_Medidas.resx' -> 'C:/Users/maguilar/OneDrive/UH/Proyecto BD II Cuatrimestre V2/Fuente/Proyecto/Ferreteria/Ferreteria.Presentacion/FRM_Unds_Medidas.resx'
2020-08-10 16:43:18: Copiar Sobre 'E:/Proyecto BD II Cuatrimestre V2/Fuente/Proyecto/Ferreteria/Ferreteria.Presentacion/FRMCategoria.cs' -> 'C:/Users/maguilar/OneDrive/UH/Proyecto BD II Cuatrimestre V2/Fuente/Proyecto/Ferreteria/Ferreteria.Presentacion/FRMCategoria.cs'
2020-08-10 16:43:18: Copiar Sobre 'E:/Proyecto BD II Cuatrimestre V2/Fuente/Proyecto/Ferreteria/Ferreteria.Presentacion/FRMCategoria.resx' -> 'C:/Users/maguilar/OneDrive/UH/Proyecto BD II Cuatrimestre V2/Fuente/Proyecto/Ferreteria/Ferreteria.Presentacion/FRMCategoria.resx'
2020-08-10 16:43:18: Copiar Sobre 'E:/Proyecto BD II Cuatrimestre V2/Fuente/Proyecto/Ferreteria/Ferreteria.Presentacion/FRMPrincipal.cs' -> 'C:/Users/maguilar/OneDrive/UH/Proyecto BD II Cuatrimestre V2/Fuente/Proyecto/Ferreteria/Ferreteria.Presentacion/FRMPrincipal.cs'
2020-08-10 16:43:18: Copiar Sobre 'E:/Proyecto BD II Cuatrimestre V2/Fuente/Proyecto/Ferreteria/Ferreteria.Presentacion/FRMPrincipal.Designer.cs' -> 'C:/Users/maguilar/OneDrive/UH/Proyecto BD II Cuatrimestre V2/Fuente/Proyecto/Ferreteria/Ferreteria.Presentacion/FRMPrincipal.Designer.cs'
2020-08-10 16:43:18: Copiar Sobre 'E:/Proyecto BD II Cuatrimestre V2/Fuente/Proyecto/Ferreteria/Ferreteria.Presentacion/FRMPrincipal.resx' -> 'C:/Users/maguilar/OneDrive/UH/Proyecto BD II Cuatrimestre V2/Fuente/Proyecto/Ferreteria/Ferreteria.Presentacion/FRMPrincipal.resx'
2020-08-10 16:43:18: Copiar Sobre 'E:/Proyecto BD II Cuatrimestre V2/Fuente/Proyecto/Ferreteria/Ferreteria.Presentacion/obj/Debug/DesignTimeResolveAssemblyReferencesInput.cache' -> 'C:/Users/maguilar/OneDrive/UH/Proyecto BD II Cuatrimestre V2/Fuente/Proyecto/Ferreteria/Ferreteria.Presentacion/obj/Debug/DesignTimeResolveAssemblyReferencesInput.cache'
2020-08-10 16:43:18: Copiar Sobre 'E:/Proyecto BD II Cuatrimestre V2/Fuente/Proyecto/Ferreteria/Ferreteria.Presentacion/obj/Debug/Ferreteria.Presentacion.csproj.CopyComplete' -> 'C:/Users/maguilar/OneDrive/UH/Proyecto BD II Cuatrimestre V2/Fuente/Proyecto/Ferreteria/Ferreteria.Presentacion/obj/Debug/Ferreteria.Presentacion.csproj.CopyComplete'
2020-08-10 16:43:18: Copiar Sobre 'E:/Proyecto BD II Cuatrimestre V2/Fuente/Proyecto/Ferreteria/Ferreteria.Presentacion/obj/Debug/Ferreteria.Presentacion.csproj.CoreCompileInputs.cache' -> 'C:/Users/maguilar/OneDrive/UH/Proyecto BD II Cuatrimestre V2/Fuente/Proyecto/Ferreteria/Ferreteria.Presentacion/obj/Debug/Ferreteria.Presentacion.csproj.CoreCompileInputs.cache'
2020-08-10 16:43:18: Copiar Sobre 'E:/Proyecto BD II Cuatrimestre V2/Fuente/Proyecto/Ferreteria/Ferreteria.Presentacion/obj/Debug/Ferreteria.Presentacion.csproj.FileListAbsolute.txt' -> 'C:/Users/maguilar/OneDrive/UH/Proyecto BD II Cuatrimestre V2/Fuente/Proyecto/Ferreteria/Ferreteria.Presentacion/obj/Debug/Ferreteria.Presentacion.csproj.FileListAbsolute.txt'
2020-08-10 16:43:18: Copiar Sobre 'E:/Proyecto BD II Cuatrimestre V2/Fuente/Proyecto/Ferreteria/Ferreteria.Presentacion/obj/Debug/Ferreteria.Presentacion.csproj.GenerateResource.cache' -> 'C:/Users/maguilar/OneDrive/UH/Proyecto BD II Cuatrimestre V2/Fuente/Proyecto/Ferreteria/Ferreteria.Presentacion/obj/Debug/Ferreteria.Presentacion.csproj.GenerateResource.cache'
2020-08-10 16:43:18: Copiar Sobre 'E:/Proyecto BD II Cuatrimestre V2/Fuente/Proyecto/Ferreteria/Ferreteria.Presentacion/obj/Debug/Ferreteria.Presentacion.csprojAssemblyReference.cache' -> 'C:/Users/maguilar/OneDrive/UH/Proyecto BD II Cuatrimestre V2/Fuente/Proyecto/Ferreteria/Ferreteria.Presentacion/obj/Debug/Ferreteria.Presentacion.csprojAssemblyReference.cache'
2020-08-10 16:43:18: Copiar Sobre 'E:/Proyecto BD II Cuatrimestre V2/Fuente/Proyecto/Ferreteria/Ferreteria.Presentacion/obj/Debug/Ferreteria.Presentacion.exe' -> 'C:/Users/maguilar/OneDrive/UH/Proyecto BD II Cuatrimestre V2/Fuente/Proyecto/Ferreteria/Ferreteria.Presentacion/obj/Debug/Ferreteria.Presentacion.exe'
2020-08-10 16:43:18: Copiar Nueva 'E:/Proyecto BD II Cuatrimestre V2/Fuente/Proyecto/Ferreteria/Ferreteria.Presentacion/obj/Debug/Ferreteria.Presentacion.FRM_DATOS_EMPRESA.resources' -> 'C:/Users/maguilar/OneDrive/UH/Proyecto BD II Cuatrimestre V2/Fuente/Proyecto/Ferreteria/Ferreteria.Presentacion/obj/Debug/Ferreteria.Presentacion.FRM_DATOS_EMPRESA.resources'
2020-08-10 16:43:18: Copiar Sobre 'E:/Proyecto BD II Cuatrimestre V2/Fuente/Proyecto/Ferreteria/Ferreteria.Presentacion/obj/Debug/Ferreteria.Presentacion.FRM_Def_Monedas.resources' -> 'C:/Users/maguilar/OneDrive/UH/Proyecto BD II Cuatrimestre V2/Fuente/Proyecto/Ferreteria/Ferreteria.Presentacion/obj/Debug/Ferreteria.Presentacion.FRM_Def_Monedas.resources'
2020-08-10 16:43:18: Copiar Sobre 'E:/Proyecto BD II Cuatrimestre V2/Fuente/Proyecto/Ferreteria/Ferreteria.Presentacion/obj/Debug/Ferreteria.Presentacion.FRM_Unds_Medidas.resources' -> 'C:/Users/maguilar/OneDrive/UH/Proyecto BD II Cuatrimestre V2/Fuente/Proyecto/Ferreteria/Ferreteria.Presentacion/obj/Debug/Ferreteria.Presentacion.FRM_Unds_Medidas.resources'
2020-08-10 16:43:18: Copiar Sobre 'E:/Proyecto BD II Cuatrimestre V2/Fuente/Proyecto/Ferreteria/Ferreteria.Presentacion/obj/Debug/Ferreteria.Presentacion.FRMArticulos.resources' -> 'C:/Users/maguilar/OneDrive/UH/Proyecto BD II Cuatrimestre V2/Fuente/Proyecto/Ferreteria/Ferreteria.Presentacion/obj/Debug/Ferreteria.Presentacion.FRMArticulos.resources'
2020-08-10 16:43:18: Copiar Sobre 'E:/Proyecto BD II Cuatrimestre V2/Fuente/Proyecto/Ferreteria/Ferreteria.Presentacion/obj/Debug/Ferreteria.Presentacion.FRMCategoria.resources' -> 'C:/Users/maguilar/OneDrive/UH/Proyecto BD II Cuatrimestre V2/Fuente/Proyecto/Ferreteria/Ferreteria.Presentacion/obj/Debug/Ferreteria.Presentacion.FRMCategoria.resources'
2020-08-10 16:43:18: Copiar Sobre 'E:/Proyecto BD II Cuatrimestre V2/Fuente/Proyecto/Ferreteria/Ferreteria.Presentacion/obj/Debug/Ferreteria.Presentacion.FRMLogin.resources' -> 'C:/Users/maguilar/OneDrive/UH/Proyecto BD II Cuatrimestre V2/Fuente/Proyecto/Ferreteria/Ferreteria.Presentacion/obj/Debug/Ferreteria.Presentacion.FRMLogin.resources'
2020-08-10 16:43:18: Copiar Sobre 'E:/Proyecto BD II Cuatrimestre V2/Fuente/Proyecto/Ferreteria/Ferreteria.Presentacion/obj/Debug/Ferreteria.Presentacion.FRMPrincipal.resources' -> 'C:/Users/maguilar/OneDrive/UH/Proyecto BD II Cuatrimestre V2/Fuente/Proyecto/Ferreteria/Ferreteria.Presentacion/obj/Debug/Ferreteria.Presentacion.FRMPrincipal.resources'
2020-08-10 16:43:18: Copiar Sobre 'E:/Proyecto BD II Cuatrimestre V2/Fuente/Proyecto/Ferreteria/Ferreteria.Presentacion/obj/Debug/Ferreteria.Presentacion.FRMProvincias.resources' -> 'C:/Users/maguilar/OneDrive/UH/Proyecto BD II Cuatrimestre V2/Fuente/Proyecto/Ferreteria/Ferreteria.Presentacion/obj/Debug/Ferreteria.Presentacion.FRMProvincias.resources'
2020-08-10 16:43:18: Copiar Sobre 'E:/Proyecto BD II Cuatrimestre V2/Fuente/Proyecto/Ferreteria/Ferreteria.Presentacion/obj/Debug/Ferreteria.Presentacion.FRMTipo_Cia.resources' -> 'C:/Users/maguilar/OneDrive/UH/Proyecto BD II Cuatrimestre V2/Fuente/Proyecto/Ferreteria/Ferreteria.Presentacion/obj/Debug/Ferreteria.Presentacion.FRMTipo_Cia.resources'
2020-08-10 16:43:18: Copiar Sobre 'E:/Proyecto BD II Cuatrimestre V2/Fuente/Proyecto/Ferreteria/Ferreteria.Presentacion/obj/Debug/Ferreteria.Presentacion.FRMTiposCambio.resources' -> 'C:/Users/maguilar/OneDrive/UH/Proyecto BD II Cuatrimestre V2/Fuente/Proyecto/Ferreteria/Ferreteria.Presentacion/obj/Debug/Ferreteria.Presentacion.FRMTiposCambio.resources'
2020-08-10 16:43:18: Copiar Sobre 'E:/Proyecto BD II Cuatrimestre V2/Fuente/Proyecto/Ferreteria/Ferreteria.Presentacion/obj/Debug/Ferreteria.Presentacion.pdb' -> 'C:/Users/maguilar/OneDrive/UH/Proyecto BD II Cuatrimestre V2/Fuente/Proyecto/Ferreteria/Ferreteria.Presentacion/obj/Debug/Ferreteria.Presentacion.pdb'
2020-08-10 16:43:18: Copiar Sobre 'E:/Proyecto BD II Cuatrimestre V2/Fuente/Proyecto/Ferreteria/Ferreteria.Presentacion/obj/Debug/Ferreteria.Presentacion.Properties.Resources.resources' -> 'C:/Users/maguilar/OneDrive/UH/Proyecto BD II Cuatrimestre V2/Fuente/Proyecto/Ferreteria/Ferreteria.Presentacion/obj/Debug/Ferreteria.Presentacion.Properties.Resources.resources'
2020-08-10 16:43:18: Elementos Sincronizados OK: 85, Errores: 0
2020-08-10 16:43:18: == Sinc. Completa. Tiempo: 00:00:01, Velocidad: 2,49 MB/s
2020-08-10 16:43:18: 
