2020-08-06 12:44:17: -- C#: ANÁLISIS comenzado por User en ordenador 'SIN-IT-2' (GoodSync v 9.7.6.6)
2020-08-06 12:44:17: E:\Proyecto BD II Cuatrimestre V2 (E:/Proyecto BD II Cuatrimestre V2) =PropDels=> ~maguilar\OneDrive\UH\Proyecto BD II Cuatrimestre V2 (C:/Users/maguilar/OneDrive/UH/Proyecto BD II Cuatrimestre V2)
2020-08-06 12:44:17: I: Archivos: 1.234 (excluidos 2). Carpetas: 290 (excluidas 2). E: NTFS, Libre: 212 GB, Total: 249 GB
2020-08-06 12:44:17: D: Archivos: 1.234 (excluidos 2). Carpetas: 291 (excluidas 1). C: NTFS, Libre: 58,4 GB, Total: 237 GB
2020-08-06 12:44:17: Cambios: 39, Conflictos: 0, TiempoCopia: 0, EstadoCopia: 0/0, Errores: 0
2020-08-06 12:44:17: Left to Right: Copy File: 39 
2020-08-06 12:44:17: -- Análisis Completado. Tiempo 00:00:00, Velocidad: Many archivo/s
2020-08-06 12:44:17: 
2020-08-06 12:44:19: == C#: SINC comenzada por User en 'SIN-IT-2'
2020-08-06 12:44:19: E:\Proyecto BD II Cuatrimestre V2 (E:/Proyecto BD II Cuatrimestre V2) =PropDels=> ~maguilar\OneDrive\UH\Proyecto BD II Cuatrimestre V2 (C:/Users/maguilar/OneDrive/UH/Proyecto BD II Cuatrimestre V2)
2020-08-06 12:44:19: Copiar Sobre 'E:/Proyecto BD II Cuatrimestre V2/Fuente/Proyecto/Ferreteria/Ferreteria.Datos/bin/Debug/Ferreteria.Datos.dll' -> 'C:/Users/maguilar/OneDrive/UH/Proyecto BD II Cuatrimestre V2/Fuente/Proyecto/Ferreteria/Ferreteria.Datos/bin/Debug/Ferreteria.Datos.dll'
2020-08-06 12:44:19: Copiar Sobre 'E:/Proyecto BD II Cuatrimestre V2/Fuente/Proyecto/Ferreteria/Ferreteria.Datos/bin/Debug/Ferreteria.Datos.pdb' -> 'C:/Users/maguilar/OneDrive/UH/Proyecto BD II Cuatrimestre V2/Fuente/Proyecto/Ferreteria/Ferreteria.Datos/bin/Debug/Ferreteria.Datos.pdb'
2020-08-06 12:44:19: Copiar Sobre 'E:/Proyecto BD II Cuatrimestre V2/Fuente/Proyecto/Ferreteria/Ferreteria.Datos/DMonedas.cs' -> 'C:/Users/maguilar/OneDrive/UH/Proyecto BD II Cuatrimestre V2/Fuente/Proyecto/Ferreteria/Ferreteria.Datos/DMonedas.cs'
2020-08-06 12:44:19: Copiar Sobre 'E:/Proyecto BD II Cuatrimestre V2/Fuente/Proyecto/Ferreteria/Ferreteria.Datos/obj/Debug/Ferreteria.Datos.csproj.CopyComplete' -> 'C:/Users/maguilar/OneDrive/UH/Proyecto BD II Cuatrimestre V2/Fuente/Proyecto/Ferreteria/Ferreteria.Datos/obj/Debug/Ferreteria.Datos.csproj.CopyComplete'
2020-08-06 12:44:19: Copiar Sobre 'E:/Proyecto BD II Cuatrimestre V2/Fuente/Proyecto/Ferreteria/Ferreteria.Datos/obj/Debug/Ferreteria.Datos.dll' -> 'C:/Users/maguilar/OneDrive/UH/Proyecto BD II Cuatrimestre V2/Fuente/Proyecto/Ferreteria/Ferreteria.Datos/obj/Debug/Ferreteria.Datos.dll'
2020-08-06 12:44:19: Copiar Sobre 'E:/Proyecto BD II Cuatrimestre V2/Fuente/Proyecto/Ferreteria/Ferreteria.Datos/obj/Debug/Ferreteria.Datos.pdb' -> 'C:/Users/maguilar/OneDrive/UH/Proyecto BD II Cuatrimestre V2/Fuente/Proyecto/Ferreteria/Ferreteria.Datos/obj/Debug/Ferreteria.Datos.pdb'
2020-08-06 12:44:19: Copiar Sobre 'E:/Proyecto BD II Cuatrimestre V2/Fuente/Proyecto/Ferreteria/Ferreteria.Negocio/bin/Debug/Ferreteria.Datos.dll' -> 'C:/Users/maguilar/OneDrive/UH/Proyecto BD II Cuatrimestre V2/Fuente/Proyecto/Ferreteria/Ferreteria.Negocio/bin/Debug/Ferreteria.Datos.dll'
2020-08-06 12:44:19: Copiar Sobre 'E:/Proyecto BD II Cuatrimestre V2/Fuente/Proyecto/Ferreteria/Ferreteria.Negocio/bin/Debug/Ferreteria.Datos.pdb' -> 'C:/Users/maguilar/OneDrive/UH/Proyecto BD II Cuatrimestre V2/Fuente/Proyecto/Ferreteria/Ferreteria.Negocio/bin/Debug/Ferreteria.Datos.pdb'
2020-08-06 12:44:19: Copiar Sobre 'E:/Proyecto BD II Cuatrimestre V2/Fuente/Proyecto/Ferreteria/Ferreteria.Negocio/bin/Debug/Ferreteria.Negocio.dll' -> 'C:/Users/maguilar/OneDrive/UH/Proyecto BD II Cuatrimestre V2/Fuente/Proyecto/Ferreteria/Ferreteria.Negocio/bin/Debug/Ferreteria.Negocio.dll'
2020-08-06 12:44:19: Copiar Sobre 'E:/Proyecto BD II Cuatrimestre V2/Fuente/Proyecto/Ferreteria/Ferreteria.Negocio/bin/Debug/Ferreteria.Negocio.pdb' -> 'C:/Users/maguilar/OneDrive/UH/Proyecto BD II Cuatrimestre V2/Fuente/Proyecto/Ferreteria/Ferreteria.Negocio/bin/Debug/Ferreteria.Negocio.pdb'
2020-08-06 12:44:19: Copiar Sobre 'E:/Proyecto BD II Cuatrimestre V2/Fuente/Proyecto/Ferreteria/Ferreteria.Negocio/NMonedas.cs' -> 'C:/Users/maguilar/OneDrive/UH/Proyecto BD II Cuatrimestre V2/Fuente/Proyecto/Ferreteria/Ferreteria.Negocio/NMonedas.cs'
2020-08-06 12:44:19: Copiar Sobre 'E:/Proyecto BD II Cuatrimestre V2/Fuente/Proyecto/Ferreteria/Ferreteria.Negocio/obj/Debug/Ferreteria.Negocio.csproj.CopyComplete' -> 'C:/Users/maguilar/OneDrive/UH/Proyecto BD II Cuatrimestre V2/Fuente/Proyecto/Ferreteria/Ferreteria.Negocio/obj/Debug/Ferreteria.Negocio.csproj.CopyComplete'
2020-08-06 12:44:20: Copiar Sobre 'E:/Proyecto BD II Cuatrimestre V2/Fuente/Proyecto/Ferreteria/Ferreteria.Negocio/obj/Debug/Ferreteria.Negocio.csprojAssemblyReference.cache' -> 'C:/Users/maguilar/OneDrive/UH/Proyecto BD II Cuatrimestre V2/Fuente/Proyecto/Ferreteria/Ferreteria.Negocio/obj/Debug/Ferreteria.Negocio.csprojAssemblyReference.cache'
2020-08-06 12:44:20: Copiar Sobre 'E:/Proyecto BD II Cuatrimestre V2/Fuente/Proyecto/Ferreteria/Ferreteria.Negocio/obj/Debug/Ferreteria.Negocio.dll' -> 'C:/Users/maguilar/OneDrive/UH/Proyecto BD II Cuatrimestre V2/Fuente/Proyecto/Ferreteria/Ferreteria.Negocio/obj/Debug/Ferreteria.Negocio.dll'
2020-08-06 12:44:20: Copiar Sobre 'E:/Proyecto BD II Cuatrimestre V2/Fuente/Proyecto/Ferreteria/Ferreteria.Negocio/obj/Debug/Ferreteria.Negocio.pdb' -> 'C:/Users/maguilar/OneDrive/UH/Proyecto BD II Cuatrimestre V2/Fuente/Proyecto/Ferreteria/Ferreteria.Negocio/obj/Debug/Ferreteria.Negocio.pdb'
2020-08-06 12:44:20: Copiar Sobre 'E:/Proyecto BD II Cuatrimestre V2/Fuente/Proyecto/Ferreteria/Ferreteria.Presentacion/bin/Debug/Ferreteria.Datos.dll' -> 'C:/Users/maguilar/OneDrive/UH/Proyecto BD II Cuatrimestre V2/Fuente/Proyecto/Ferreteria/Ferreteria.Presentacion/bin/Debug/Ferreteria.Datos.dll'
2020-08-06 12:44:20: Copiar Sobre 'E:/Proyecto BD II Cuatrimestre V2/Fuente/Proyecto/Ferreteria/Ferreteria.Presentacion/bin/Debug/Ferreteria.Datos.pdb' -> 'C:/Users/maguilar/OneDrive/UH/Proyecto BD II Cuatrimestre V2/Fuente/Proyecto/Ferreteria/Ferreteria.Presentacion/bin/Debug/Ferreteria.Datos.pdb'
2020-08-06 12:44:20: Copiar Sobre 'E:/Proyecto BD II Cuatrimestre V2/Fuente/Proyecto/Ferreteria/Ferreteria.Presentacion/bin/Debug/Ferreteria.Negocio.dll' -> 'C:/Users/maguilar/OneDrive/UH/Proyecto BD II Cuatrimestre V2/Fuente/Proyecto/Ferreteria/Ferreteria.Presentacion/bin/Debug/Ferreteria.Negocio.dll'
2020-08-06 12:44:20: Copiar Sobre 'E:/Proyecto BD II Cuatrimestre V2/Fuente/Proyecto/Ferreteria/Ferreteria.Presentacion/bin/Debug/Ferreteria.Negocio.pdb' -> 'C:/Users/maguilar/OneDrive/UH/Proyecto BD II Cuatrimestre V2/Fuente/Proyecto/Ferreteria/Ferreteria.Presentacion/bin/Debug/Ferreteria.Negocio.pdb'
2020-08-06 12:44:20: Copiar Sobre 'E:/Proyecto BD II Cuatrimestre V2/Fuente/Proyecto/Ferreteria/Ferreteria.Presentacion/bin/Debug/Ferreteria.Presentacion.exe' -> 'C:/Users/maguilar/OneDrive/UH/Proyecto BD II Cuatrimestre V2/Fuente/Proyecto/Ferreteria/Ferreteria.Presentacion/bin/Debug/Ferreteria.Presentacion.exe'
2020-08-06 12:44:20: Copiar Sobre 'E:/Proyecto BD II Cuatrimestre V2/Fuente/Proyecto/Ferreteria/Ferreteria.Presentacion/bin/Debug/Ferreteria.Presentacion.pdb' -> 'C:/Users/maguilar/OneDrive/UH/Proyecto BD II Cuatrimestre V2/Fuente/Proyecto/Ferreteria/Ferreteria.Presentacion/bin/Debug/Ferreteria.Presentacion.pdb'
2020-08-06 12:44:20: Copiar Sobre 'E:/Proyecto BD II Cuatrimestre V2/Fuente/Proyecto/Ferreteria/Ferreteria.Presentacion/FRM_Def_Monedas.cs' -> 'C:/Users/maguilar/OneDrive/UH/Proyecto BD II Cuatrimestre V2/Fuente/Proyecto/Ferreteria/Ferreteria.Presentacion/FRM_Def_Monedas.cs'
2020-08-06 12:44:20: Copiar Sobre 'E:/Proyecto BD II Cuatrimestre V2/Fuente/Proyecto/Ferreteria/Ferreteria.Presentacion/FRM_Def_Monedas.Designer.cs' -> 'C:/Users/maguilar/OneDrive/UH/Proyecto BD II Cuatrimestre V2/Fuente/Proyecto/Ferreteria/Ferreteria.Presentacion/FRM_Def_Monedas.Designer.cs'
2020-08-06 12:44:20: Copiar Sobre 'E:/Proyecto BD II Cuatrimestre V2/Fuente/Proyecto/Ferreteria/Ferreteria.Presentacion/FRM_Def_Monedas.resx' -> 'C:/Users/maguilar/OneDrive/UH/Proyecto BD II Cuatrimestre V2/Fuente/Proyecto/Ferreteria/Ferreteria.Presentacion/FRM_Def_Monedas.resx'
2020-08-06 12:44:20: Copiar Sobre 'E:/Proyecto BD II Cuatrimestre V2/Fuente/Proyecto/Ferreteria/Ferreteria.Presentacion/FRMCategoria.cs' -> 'C:/Users/maguilar/OneDrive/UH/Proyecto BD II Cuatrimestre V2/Fuente/Proyecto/Ferreteria/Ferreteria.Presentacion/FRMCategoria.cs'
2020-08-06 12:44:20: Copiar Sobre 'E:/Proyecto BD II Cuatrimestre V2/Fuente/Proyecto/Ferreteria/Ferreteria.Presentacion/obj/Debug/Ferreteria.Presentacion.csproj.CopyComplete' -> 'C:/Users/maguilar/OneDrive/UH/Proyecto BD II Cuatrimestre V2/Fuente/Proyecto/Ferreteria/Ferreteria.Presentacion/obj/Debug/Ferreteria.Presentacion.csproj.CopyComplete'
2020-08-06 12:44:20: Copiar Sobre 'E:/Proyecto BD II Cuatrimestre V2/Fuente/Proyecto/Ferreteria/Ferreteria.Presentacion/obj/Debug/Ferreteria.Presentacion.csproj.GenerateResource.cache' -> 'C:/Users/maguilar/OneDrive/UH/Proyecto BD II Cuatrimestre V2/Fuente/Proyecto/Ferreteria/Ferreteria.Presentacion/obj/Debug/Ferreteria.Presentacion.csproj.GenerateResource.cache'
2020-08-06 12:44:20: Copiar Sobre 'E:/Proyecto BD II Cuatrimestre V2/Fuente/Proyecto/Ferreteria/Ferreteria.Presentacion/obj/Debug/Ferreteria.Presentacion.csprojAssemblyReference.cache' -> 'C:/Users/maguilar/OneDrive/UH/Proyecto BD II Cuatrimestre V2/Fuente/Proyecto/Ferreteria/Ferreteria.Presentacion/obj/Debug/Ferreteria.Presentacion.csprojAssemblyReference.cache'
2020-08-06 12:44:20: Copiar Sobre 'E:/Proyecto BD II Cuatrimestre V2/Fuente/Proyecto/Ferreteria/Ferreteria.Presentacion/obj/Debug/Ferreteria.Presentacion.exe' -> 'C:/Users/maguilar/OneDrive/UH/Proyecto BD II Cuatrimestre V2/Fuente/Proyecto/Ferreteria/Ferreteria.Presentacion/obj/Debug/Ferreteria.Presentacion.exe'
2020-08-06 12:44:20: Copiar Sobre 'E:/Proyecto BD II Cuatrimestre V2/Fuente/Proyecto/Ferreteria/Ferreteria.Presentacion/obj/Debug/Ferreteria.Presentacion.FRM_Def_Monedas.resources' -> 'C:/Users/maguilar/OneDrive/UH/Proyecto BD II Cuatrimestre V2/Fuente/Proyecto/Ferreteria/Ferreteria.Presentacion/obj/Debug/Ferreteria.Presentacion.FRM_Def_Monedas.resources'
2020-08-06 12:44:20: Copiar Sobre 'E:/Proyecto BD II Cuatrimestre V2/Fuente/Proyecto/Ferreteria/Ferreteria.Presentacion/obj/Debug/Ferreteria.Presentacion.FRMArticulos.resources' -> 'C:/Users/maguilar/OneDrive/UH/Proyecto BD II Cuatrimestre V2/Fuente/Proyecto/Ferreteria/Ferreteria.Presentacion/obj/Debug/Ferreteria.Presentacion.FRMArticulos.resources'
2020-08-06 12:44:20: Copiar Sobre 'E:/Proyecto BD II Cuatrimestre V2/Fuente/Proyecto/Ferreteria/Ferreteria.Presentacion/obj/Debug/Ferreteria.Presentacion.FRMCategoria.resources' -> 'C:/Users/maguilar/OneDrive/UH/Proyecto BD II Cuatrimestre V2/Fuente/Proyecto/Ferreteria/Ferreteria.Presentacion/obj/Debug/Ferreteria.Presentacion.FRMCategoria.resources'
2020-08-06 12:44:20: Copiar Sobre 'E:/Proyecto BD II Cuatrimestre V2/Fuente/Proyecto/Ferreteria/Ferreteria.Presentacion/obj/Debug/Ferreteria.Presentacion.FRMLogin.resources' -> 'C:/Users/maguilar/OneDrive/UH/Proyecto BD II Cuatrimestre V2/Fuente/Proyecto/Ferreteria/Ferreteria.Presentacion/obj/Debug/Ferreteria.Presentacion.FRMLogin.resources'
2020-08-06 12:44:20: Copiar Sobre 'E:/Proyecto BD II Cuatrimestre V2/Fuente/Proyecto/Ferreteria/Ferreteria.Presentacion/obj/Debug/Ferreteria.Presentacion.FRMPrincipal.resources' -> 'C:/Users/maguilar/OneDrive/UH/Proyecto BD II Cuatrimestre V2/Fuente/Proyecto/Ferreteria/Ferreteria.Presentacion/obj/Debug/Ferreteria.Presentacion.FRMPrincipal.resources'
2020-08-06 12:44:20: Copiar Sobre 'E:/Proyecto BD II Cuatrimestre V2/Fuente/Proyecto/Ferreteria/Ferreteria.Presentacion/obj/Debug/Ferreteria.Presentacion.FRMProvincias.resources' -> 'C:/Users/maguilar/OneDrive/UH/Proyecto BD II Cuatrimestre V2/Fuente/Proyecto/Ferreteria/Ferreteria.Presentacion/obj/Debug/Ferreteria.Presentacion.FRMProvincias.resources'
2020-08-06 12:44:20: Copiar Sobre 'E:/Proyecto BD II Cuatrimestre V2/Fuente/Proyecto/Ferreteria/Ferreteria.Presentacion/obj/Debug/Ferreteria.Presentacion.FRMTipo_Cia.resources' -> 'C:/Users/maguilar/OneDrive/UH/Proyecto BD II Cuatrimestre V2/Fuente/Proyecto/Ferreteria/Ferreteria.Presentacion/obj/Debug/Ferreteria.Presentacion.FRMTipo_Cia.resources'
2020-08-06 12:44:20: Copiar Sobre 'E:/Proyecto BD II Cuatrimestre V2/Fuente/Proyecto/Ferreteria/Ferreteria.Presentacion/obj/Debug/Ferreteria.Presentacion.FRMTiposCambio.resources' -> 'C:/Users/maguilar/OneDrive/UH/Proyecto BD II Cuatrimestre V2/Fuente/Proyecto/Ferreteria/Ferreteria.Presentacion/obj/Debug/Ferreteria.Presentacion.FRMTiposCambio.resources'
2020-08-06 12:44:20: Copiar Sobre 'E:/Proyecto BD II Cuatrimestre V2/Fuente/Proyecto/Ferreteria/Ferreteria.Presentacion/obj/Debug/Ferreteria.Presentacion.pdb' -> 'C:/Users/maguilar/OneDrive/UH/Proyecto BD II Cuatrimestre V2/Fuente/Proyecto/Ferreteria/Ferreteria.Presentacion/obj/Debug/Ferreteria.Presentacion.pdb'
2020-08-06 12:44:20: Copiar Sobre 'E:/Proyecto BD II Cuatrimestre V2/Fuente/Proyecto/Ferreteria/Ferreteria.Presentacion/obj/Debug/Ferreteria.Presentacion.Properties.Resources.resources' -> 'C:/Users/maguilar/OneDrive/UH/Proyecto BD II Cuatrimestre V2/Fuente/Proyecto/Ferreteria/Ferreteria.Presentacion/obj/Debug/Ferreteria.Presentacion.Properties.Resources.resources'
2020-08-06 12:44:20: Elementos Sincronizados OK: 39, Errores: 0
2020-08-06 12:44:20: == Sinc. Completa. Tiempo: 00:00:01, Velocidad: 2,35 MB/s
2020-08-06 12:44:20: 
