2020-08-12 07:58:13: -- C#: ANÁLISIS comenzado por User en ordenador 'SIN-IT-2' (GoodSync v 9.7.6.6)
2020-08-12 07:58:13: E:\Proyecto BD II Cuatrimestre V2 (E:/Proyecto BD II Cuatrimestre V2) <=PropDels= ~maguilar\OneDrive\UH\Proyecto BD II Cuatrimestre V2 (C:/Users/maguilar/OneDrive/UH/Proyecto BD II Cuatrimestre V2)
2020-08-12 07:58:13: I: Archivos: 1.257 (excluidos 2). Carpetas: 290 (excluidas 2). E: NTFS, Libre: 212 GB, Total: 249 GB
2020-08-12 07:58:14: D: Archivos: 1.258 (excluidos 1). Carpetas: 291 (excluidas 1). C: NTFS, Libre: 64,3 GB, Total: 237 GB
2020-08-12 07:58:14: Cambios: 47, Conflictos: 0, TiempoCopia: 0, EstadoCopia: 0/0, Errores: 0
2020-08-12 07:58:14: Right to Left: Copy File: 47 
2020-08-12 07:58:14: -- Análisis Completado. Tiempo 00:00:01, Velocidad: 1.551 archivo/s
2020-08-12 07:58:14: 
2020-08-12 07:59:00: == C#: SINC comenzada por User en 'SIN-IT-2'
2020-08-12 07:59:00: E:\Proyecto BD II Cuatrimestre V2 (E:/Proyecto BD II Cuatrimestre V2) <=PropDels= ~maguilar\OneDrive\UH\Proyecto BD II Cuatrimestre V2 (C:/Users/maguilar/OneDrive/UH/Proyecto BD II Cuatrimestre V2)
2020-08-12 07:59:00: Copiar Sobre 'C:/Users/maguilar/OneDrive/UH/Proyecto BD II Cuatrimestre V2/Fuente/Proyecto/Ferreteria/Ferreteria.Datos/bin/Debug/Ferreteria.Datos.dll' -> 'E:/Proyecto BD II Cuatrimestre V2/Fuente/Proyecto/Ferreteria/Ferreteria.Datos/bin/Debug/Ferreteria.Datos.dll'
2020-08-12 07:59:00: Copiar Sobre 'C:/Users/maguilar/OneDrive/UH/Proyecto BD II Cuatrimestre V2/Fuente/Proyecto/Ferreteria/Ferreteria.Datos/bin/Debug/Ferreteria.Datos.pdb' -> 'E:/Proyecto BD II Cuatrimestre V2/Fuente/Proyecto/Ferreteria/Ferreteria.Datos/bin/Debug/Ferreteria.Datos.pdb'
2020-08-12 07:59:00: Copiar Sobre 'C:/Users/maguilar/OneDrive/UH/Proyecto BD II Cuatrimestre V2/Fuente/Proyecto/Ferreteria/Ferreteria.Datos/obj/Debug/.NETFramework,Version=v4.7.2.AssemblyAttributes.cs' -> 'E:/Proyecto BD II Cuatrimestre V2/Fuente/Proyecto/Ferreteria/Ferreteria.Datos/obj/Debug/.NETFramework,Version=v4.7.2.AssemblyAttributes.cs'
2020-08-12 07:59:00: Copiar Sobre 'C:/Users/maguilar/OneDrive/UH/Proyecto BD II Cuatrimestre V2/Fuente/Proyecto/Ferreteria/Ferreteria.Datos/obj/Debug/Ferreteria.Datos.csproj.CopyComplete' -> 'E:/Proyecto BD II Cuatrimestre V2/Fuente/Proyecto/Ferreteria/Ferreteria.Datos/obj/Debug/Ferreteria.Datos.csproj.CopyComplete'
2020-08-12 07:59:00: Copiar Sobre 'C:/Users/maguilar/OneDrive/UH/Proyecto BD II Cuatrimestre V2/Fuente/Proyecto/Ferreteria/Ferreteria.Datos/obj/Debug/Ferreteria.Datos.csproj.CoreCompileInputs.cache' -> 'E:/Proyecto BD II Cuatrimestre V2/Fuente/Proyecto/Ferreteria/Ferreteria.Datos/obj/Debug/Ferreteria.Datos.csproj.CoreCompileInputs.cache'
2020-08-12 07:59:00: Copiar Sobre 'C:/Users/maguilar/OneDrive/UH/Proyecto BD II Cuatrimestre V2/Fuente/Proyecto/Ferreteria/Ferreteria.Datos/obj/Debug/Ferreteria.Datos.csprojAssemblyReference.cache' -> 'E:/Proyecto BD II Cuatrimestre V2/Fuente/Proyecto/Ferreteria/Ferreteria.Datos/obj/Debug/Ferreteria.Datos.csprojAssemblyReference.cache'
2020-08-12 07:59:00: Copiar Sobre 'C:/Users/maguilar/OneDrive/UH/Proyecto BD II Cuatrimestre V2/Fuente/Proyecto/Ferreteria/Ferreteria.Datos/obj/Debug/Ferreteria.Datos.dll' -> 'E:/Proyecto BD II Cuatrimestre V2/Fuente/Proyecto/Ferreteria/Ferreteria.Datos/obj/Debug/Ferreteria.Datos.dll'
2020-08-12 07:59:00: Copiar Sobre 'C:/Users/maguilar/OneDrive/UH/Proyecto BD II Cuatrimestre V2/Fuente/Proyecto/Ferreteria/Ferreteria.Datos/obj/Debug/Ferreteria.Datos.pdb' -> 'E:/Proyecto BD II Cuatrimestre V2/Fuente/Proyecto/Ferreteria/Ferreteria.Datos/obj/Debug/Ferreteria.Datos.pdb'
2020-08-12 07:59:00: Copiar Sobre 'C:/Users/maguilar/OneDrive/UH/Proyecto BD II Cuatrimestre V2/Fuente/Proyecto/Ferreteria/Ferreteria.Negocio/bin/Debug/Ferreteria.Datos.dll' -> 'E:/Proyecto BD II Cuatrimestre V2/Fuente/Proyecto/Ferreteria/Ferreteria.Negocio/bin/Debug/Ferreteria.Datos.dll'
2020-08-12 07:59:00: Copiar Sobre 'C:/Users/maguilar/OneDrive/UH/Proyecto BD II Cuatrimestre V2/Fuente/Proyecto/Ferreteria/Ferreteria.Negocio/bin/Debug/Ferreteria.Datos.pdb' -> 'E:/Proyecto BD II Cuatrimestre V2/Fuente/Proyecto/Ferreteria/Ferreteria.Negocio/bin/Debug/Ferreteria.Datos.pdb'
2020-08-12 07:59:00: Copiar Sobre 'C:/Users/maguilar/OneDrive/UH/Proyecto BD II Cuatrimestre V2/Fuente/Proyecto/Ferreteria/Ferreteria.Negocio/bin/Debug/Ferreteria.Negocio.dll' -> 'E:/Proyecto BD II Cuatrimestre V2/Fuente/Proyecto/Ferreteria/Ferreteria.Negocio/bin/Debug/Ferreteria.Negocio.dll'
2020-08-12 07:59:00: Copiar Sobre 'C:/Users/maguilar/OneDrive/UH/Proyecto BD II Cuatrimestre V2/Fuente/Proyecto/Ferreteria/Ferreteria.Negocio/bin/Debug/Ferreteria.Negocio.pdb' -> 'E:/Proyecto BD II Cuatrimestre V2/Fuente/Proyecto/Ferreteria/Ferreteria.Negocio/bin/Debug/Ferreteria.Negocio.pdb'
2020-08-12 07:59:00: Copiar Sobre 'C:/Users/maguilar/OneDrive/UH/Proyecto BD II Cuatrimestre V2/Fuente/Proyecto/Ferreteria/Ferreteria.Negocio/obj/Debug/.NETFramework,Version=v4.7.2.AssemblyAttributes.cs' -> 'E:/Proyecto BD II Cuatrimestre V2/Fuente/Proyecto/Ferreteria/Ferreteria.Negocio/obj/Debug/.NETFramework,Version=v4.7.2.AssemblyAttributes.cs'
2020-08-12 07:59:00: Copiar Sobre 'C:/Users/maguilar/OneDrive/UH/Proyecto BD II Cuatrimestre V2/Fuente/Proyecto/Ferreteria/Ferreteria.Negocio/obj/Debug/Ferreteria.Negocio.csproj.CopyComplete' -> 'E:/Proyecto BD II Cuatrimestre V2/Fuente/Proyecto/Ferreteria/Ferreteria.Negocio/obj/Debug/Ferreteria.Negocio.csproj.CopyComplete'
2020-08-12 07:59:00: Copiar Sobre 'C:/Users/maguilar/OneDrive/UH/Proyecto BD II Cuatrimestre V2/Fuente/Proyecto/Ferreteria/Ferreteria.Negocio/obj/Debug/Ferreteria.Negocio.csproj.CoreCompileInputs.cache' -> 'E:/Proyecto BD II Cuatrimestre V2/Fuente/Proyecto/Ferreteria/Ferreteria.Negocio/obj/Debug/Ferreteria.Negocio.csproj.CoreCompileInputs.cache'
2020-08-12 07:59:00: Copiar Sobre 'C:/Users/maguilar/OneDrive/UH/Proyecto BD II Cuatrimestre V2/Fuente/Proyecto/Ferreteria/Ferreteria.Negocio/obj/Debug/Ferreteria.Negocio.csprojAssemblyReference.cache' -> 'E:/Proyecto BD II Cuatrimestre V2/Fuente/Proyecto/Ferreteria/Ferreteria.Negocio/obj/Debug/Ferreteria.Negocio.csprojAssemblyReference.cache'
2020-08-12 07:59:00: Copiar Sobre 'C:/Users/maguilar/OneDrive/UH/Proyecto BD II Cuatrimestre V2/Fuente/Proyecto/Ferreteria/Ferreteria.Negocio/obj/Debug/Ferreteria.Negocio.dll' -> 'E:/Proyecto BD II Cuatrimestre V2/Fuente/Proyecto/Ferreteria/Ferreteria.Negocio/obj/Debug/Ferreteria.Negocio.dll'
2020-08-12 07:59:00: Copiar Sobre 'C:/Users/maguilar/OneDrive/UH/Proyecto BD II Cuatrimestre V2/Fuente/Proyecto/Ferreteria/Ferreteria.Negocio/obj/Debug/Ferreteria.Negocio.pdb' -> 'E:/Proyecto BD II Cuatrimestre V2/Fuente/Proyecto/Ferreteria/Ferreteria.Negocio/obj/Debug/Ferreteria.Negocio.pdb'
2020-08-12 07:59:00: Copiar Sobre 'C:/Users/maguilar/OneDrive/UH/Proyecto BD II Cuatrimestre V2/Fuente/Proyecto/Ferreteria/Ferreteria.Presentacion/bin/Debug/Ferreteria.Datos.dll' -> 'E:/Proyecto BD II Cuatrimestre V2/Fuente/Proyecto/Ferreteria/Ferreteria.Presentacion/bin/Debug/Ferreteria.Datos.dll'
2020-08-12 07:59:00: Copiar Sobre 'C:/Users/maguilar/OneDrive/UH/Proyecto BD II Cuatrimestre V2/Fuente/Proyecto/Ferreteria/Ferreteria.Presentacion/bin/Debug/Ferreteria.Datos.pdb' -> 'E:/Proyecto BD II Cuatrimestre V2/Fuente/Proyecto/Ferreteria/Ferreteria.Presentacion/bin/Debug/Ferreteria.Datos.pdb'
2020-08-12 07:59:00: Copiar Sobre 'C:/Users/maguilar/OneDrive/UH/Proyecto BD II Cuatrimestre V2/Fuente/Proyecto/Ferreteria/Ferreteria.Presentacion/bin/Debug/Ferreteria.Negocio.dll' -> 'E:/Proyecto BD II Cuatrimestre V2/Fuente/Proyecto/Ferreteria/Ferreteria.Presentacion/bin/Debug/Ferreteria.Negocio.dll'
2020-08-12 07:59:00: Copiar Sobre 'C:/Users/maguilar/OneDrive/UH/Proyecto BD II Cuatrimestre V2/Fuente/Proyecto/Ferreteria/Ferreteria.Presentacion/bin/Debug/Ferreteria.Negocio.pdb' -> 'E:/Proyecto BD II Cuatrimestre V2/Fuente/Proyecto/Ferreteria/Ferreteria.Presentacion/bin/Debug/Ferreteria.Negocio.pdb'
2020-08-12 07:59:00: Copiar Sobre 'C:/Users/maguilar/OneDrive/UH/Proyecto BD II Cuatrimestre V2/Fuente/Proyecto/Ferreteria/Ferreteria.Presentacion/bin/Debug/Ferreteria.Presentacion.exe' -> 'E:/Proyecto BD II Cuatrimestre V2/Fuente/Proyecto/Ferreteria/Ferreteria.Presentacion/bin/Debug/Ferreteria.Presentacion.exe'
2020-08-12 07:59:00: Copiar Sobre 'C:/Users/maguilar/OneDrive/UH/Proyecto BD II Cuatrimestre V2/Fuente/Proyecto/Ferreteria/Ferreteria.Presentacion/bin/Debug/Ferreteria.Presentacion.pdb' -> 'E:/Proyecto BD II Cuatrimestre V2/Fuente/Proyecto/Ferreteria/Ferreteria.Presentacion/bin/Debug/Ferreteria.Presentacion.pdb'
2020-08-12 07:59:00: Copiar Sobre 'C:/Users/maguilar/OneDrive/UH/Proyecto BD II Cuatrimestre V2/Fuente/Proyecto/Ferreteria/Ferreteria.Presentacion/FRM_DATOS_EMPRESA.cs' -> 'E:/Proyecto BD II Cuatrimestre V2/Fuente/Proyecto/Ferreteria/Ferreteria.Presentacion/FRM_DATOS_EMPRESA.cs'
2020-08-12 07:59:00: Copiar Sobre 'C:/Users/maguilar/OneDrive/UH/Proyecto BD II Cuatrimestre V2/Fuente/Proyecto/Ferreteria/Ferreteria.Presentacion/FRM_DATOS_EMPRESA.Designer.cs' -> 'E:/Proyecto BD II Cuatrimestre V2/Fuente/Proyecto/Ferreteria/Ferreteria.Presentacion/FRM_DATOS_EMPRESA.Designer.cs'
2020-08-12 07:59:00: Copiar Sobre 'C:/Users/maguilar/OneDrive/UH/Proyecto BD II Cuatrimestre V2/Fuente/Proyecto/Ferreteria/Ferreteria.Presentacion/FRM_DATOS_EMPRESA.resx' -> 'E:/Proyecto BD II Cuatrimestre V2/Fuente/Proyecto/Ferreteria/Ferreteria.Presentacion/FRM_DATOS_EMPRESA.resx'
2020-08-12 07:59:00: Copiar Sobre 'C:/Users/maguilar/OneDrive/UH/Proyecto BD II Cuatrimestre V2/Fuente/Proyecto/Ferreteria/Ferreteria.Presentacion/obj/Debug/.NETFramework,Version=v4.7.2.AssemblyAttributes.cs' -> 'E:/Proyecto BD II Cuatrimestre V2/Fuente/Proyecto/Ferreteria/Ferreteria.Presentacion/obj/Debug/.NETFramework,Version=v4.7.2.AssemblyAttributes.cs'
2020-08-12 07:59:00: Copiar Sobre 'C:/Users/maguilar/OneDrive/UH/Proyecto BD II Cuatrimestre V2/Fuente/Proyecto/Ferreteria/Ferreteria.Presentacion/obj/Debug/Ferreteria.Presentacion.csproj.CopyComplete' -> 'E:/Proyecto BD II Cuatrimestre V2/Fuente/Proyecto/Ferreteria/Ferreteria.Presentacion/obj/Debug/Ferreteria.Presentacion.csproj.CopyComplete'
2020-08-12 07:59:00: Copiar Sobre 'C:/Users/maguilar/OneDrive/UH/Proyecto BD II Cuatrimestre V2/Fuente/Proyecto/Ferreteria/Ferreteria.Presentacion/obj/Debug/Ferreteria.Presentacion.csproj.CoreCompileInputs.cache' -> 'E:/Proyecto BD II Cuatrimestre V2/Fuente/Proyecto/Ferreteria/Ferreteria.Presentacion/obj/Debug/Ferreteria.Presentacion.csproj.CoreCompileInputs.cache'
2020-08-12 07:59:00: Copiar Sobre 'C:/Users/maguilar/OneDrive/UH/Proyecto BD II Cuatrimestre V2/Fuente/Proyecto/Ferreteria/Ferreteria.Presentacion/obj/Debug/Ferreteria.Presentacion.csproj.FileListAbsolute.txt' -> 'E:/Proyecto BD II Cuatrimestre V2/Fuente/Proyecto/Ferreteria/Ferreteria.Presentacion/obj/Debug/Ferreteria.Presentacion.csproj.FileListAbsolute.txt'
2020-08-12 07:59:00: Copiar Sobre 'C:/Users/maguilar/OneDrive/UH/Proyecto BD II Cuatrimestre V2/Fuente/Proyecto/Ferreteria/Ferreteria.Presentacion/obj/Debug/Ferreteria.Presentacion.csproj.GenerateResource.cache' -> 'E:/Proyecto BD II Cuatrimestre V2/Fuente/Proyecto/Ferreteria/Ferreteria.Presentacion/obj/Debug/Ferreteria.Presentacion.csproj.GenerateResource.cache'
2020-08-12 07:59:00: Copiar Sobre 'C:/Users/maguilar/OneDrive/UH/Proyecto BD II Cuatrimestre V2/Fuente/Proyecto/Ferreteria/Ferreteria.Presentacion/obj/Debug/Ferreteria.Presentacion.csprojAssemblyReference.cache' -> 'E:/Proyecto BD II Cuatrimestre V2/Fuente/Proyecto/Ferreteria/Ferreteria.Presentacion/obj/Debug/Ferreteria.Presentacion.csprojAssemblyReference.cache'
2020-08-12 07:59:00: Copiar Sobre 'C:/Users/maguilar/OneDrive/UH/Proyecto BD II Cuatrimestre V2/Fuente/Proyecto/Ferreteria/Ferreteria.Presentacion/obj/Debug/Ferreteria.Presentacion.exe' -> 'E:/Proyecto BD II Cuatrimestre V2/Fuente/Proyecto/Ferreteria/Ferreteria.Presentacion/obj/Debug/Ferreteria.Presentacion.exe'
2020-08-12 07:59:00: Copiar Sobre 'C:/Users/maguilar/OneDrive/UH/Proyecto BD II Cuatrimestre V2/Fuente/Proyecto/Ferreteria/Ferreteria.Presentacion/obj/Debug/Ferreteria.Presentacion.FRM_DATOS_EMPRESA.resources' -> 'E:/Proyecto BD II Cuatrimestre V2/Fuente/Proyecto/Ferreteria/Ferreteria.Presentacion/obj/Debug/Ferreteria.Presentacion.FRM_DATOS_EMPRESA.resources'
2020-08-12 07:59:00: Copiar Sobre 'C:/Users/maguilar/OneDrive/UH/Proyecto BD II Cuatrimestre V2/Fuente/Proyecto/Ferreteria/Ferreteria.Presentacion/obj/Debug/Ferreteria.Presentacion.FRM_Def_Monedas.resources' -> 'E:/Proyecto BD II Cuatrimestre V2/Fuente/Proyecto/Ferreteria/Ferreteria.Presentacion/obj/Debug/Ferreteria.Presentacion.FRM_Def_Monedas.resources'
2020-08-12 07:59:00: Copiar Sobre 'C:/Users/maguilar/OneDrive/UH/Proyecto BD II Cuatrimestre V2/Fuente/Proyecto/Ferreteria/Ferreteria.Presentacion/obj/Debug/Ferreteria.Presentacion.FRM_Tipo_Identificacion.resources' -> 'E:/Proyecto BD II Cuatrimestre V2/Fuente/Proyecto/Ferreteria/Ferreteria.Presentacion/obj/Debug/Ferreteria.Presentacion.FRM_Tipo_Identificacion.resources'
2020-08-12 07:59:00: Copiar Sobre 'C:/Users/maguilar/OneDrive/UH/Proyecto BD II Cuatrimestre V2/Fuente/Proyecto/Ferreteria/Ferreteria.Presentacion/obj/Debug/Ferreteria.Presentacion.FRM_Unds_Medidas.resources' -> 'E:/Proyecto BD II Cuatrimestre V2/Fuente/Proyecto/Ferreteria/Ferreteria.Presentacion/obj/Debug/Ferreteria.Presentacion.FRM_Unds_Medidas.resources'
2020-08-12 07:59:00: Copiar Sobre 'C:/Users/maguilar/OneDrive/UH/Proyecto BD II Cuatrimestre V2/Fuente/Proyecto/Ferreteria/Ferreteria.Presentacion/obj/Debug/Ferreteria.Presentacion.FRMArticulos.resources' -> 'E:/Proyecto BD II Cuatrimestre V2/Fuente/Proyecto/Ferreteria/Ferreteria.Presentacion/obj/Debug/Ferreteria.Presentacion.FRMArticulos.resources'
2020-08-12 07:59:00: Copiar Sobre 'C:/Users/maguilar/OneDrive/UH/Proyecto BD II Cuatrimestre V2/Fuente/Proyecto/Ferreteria/Ferreteria.Presentacion/obj/Debug/Ferreteria.Presentacion.FRMCategoria.resources' -> 'E:/Proyecto BD II Cuatrimestre V2/Fuente/Proyecto/Ferreteria/Ferreteria.Presentacion/obj/Debug/Ferreteria.Presentacion.FRMCategoria.resources'
2020-08-12 07:59:00: Copiar Sobre 'C:/Users/maguilar/OneDrive/UH/Proyecto BD II Cuatrimestre V2/Fuente/Proyecto/Ferreteria/Ferreteria.Presentacion/obj/Debug/Ferreteria.Presentacion.FRMLogin.resources' -> 'E:/Proyecto BD II Cuatrimestre V2/Fuente/Proyecto/Ferreteria/Ferreteria.Presentacion/obj/Debug/Ferreteria.Presentacion.FRMLogin.resources'
2020-08-12 07:59:00: Copiar Sobre 'C:/Users/maguilar/OneDrive/UH/Proyecto BD II Cuatrimestre V2/Fuente/Proyecto/Ferreteria/Ferreteria.Presentacion/obj/Debug/Ferreteria.Presentacion.FRMPrincipal.resources' -> 'E:/Proyecto BD II Cuatrimestre V2/Fuente/Proyecto/Ferreteria/Ferreteria.Presentacion/obj/Debug/Ferreteria.Presentacion.FRMPrincipal.resources'
2020-08-12 07:59:00: Copiar Sobre 'C:/Users/maguilar/OneDrive/UH/Proyecto BD II Cuatrimestre V2/Fuente/Proyecto/Ferreteria/Ferreteria.Presentacion/obj/Debug/Ferreteria.Presentacion.FRMProvincias.resources' -> 'E:/Proyecto BD II Cuatrimestre V2/Fuente/Proyecto/Ferreteria/Ferreteria.Presentacion/obj/Debug/Ferreteria.Presentacion.FRMProvincias.resources'
2020-08-12 07:59:00: Copiar Sobre 'C:/Users/maguilar/OneDrive/UH/Proyecto BD II Cuatrimestre V2/Fuente/Proyecto/Ferreteria/Ferreteria.Presentacion/obj/Debug/Ferreteria.Presentacion.FRMTipo_Cia.resources' -> 'E:/Proyecto BD II Cuatrimestre V2/Fuente/Proyecto/Ferreteria/Ferreteria.Presentacion/obj/Debug/Ferreteria.Presentacion.FRMTipo_Cia.resources'
2020-08-12 07:59:00: Copiar Sobre 'C:/Users/maguilar/OneDrive/UH/Proyecto BD II Cuatrimestre V2/Fuente/Proyecto/Ferreteria/Ferreteria.Presentacion/obj/Debug/Ferreteria.Presentacion.FRMTiposCambio.resources' -> 'E:/Proyecto BD II Cuatrimestre V2/Fuente/Proyecto/Ferreteria/Ferreteria.Presentacion/obj/Debug/Ferreteria.Presentacion.FRMTiposCambio.resources'
2020-08-12 07:59:00: Copiar Sobre 'C:/Users/maguilar/OneDrive/UH/Proyecto BD II Cuatrimestre V2/Fuente/Proyecto/Ferreteria/Ferreteria.Presentacion/obj/Debug/Ferreteria.Presentacion.pdb' -> 'E:/Proyecto BD II Cuatrimestre V2/Fuente/Proyecto/Ferreteria/Ferreteria.Presentacion/obj/Debug/Ferreteria.Presentacion.pdb'
2020-08-12 07:59:00: Copiar Sobre 'C:/Users/maguilar/OneDrive/UH/Proyecto BD II Cuatrimestre V2/Fuente/Proyecto/Ferreteria/Ferreteria.Presentacion/obj/Debug/Ferreteria.Presentacion.Properties.Resources.resources' -> 'E:/Proyecto BD II Cuatrimestre V2/Fuente/Proyecto/Ferreteria/Ferreteria.Presentacion/obj/Debug/Ferreteria.Presentacion.Properties.Resources.resources'
2020-08-12 07:59:01: Elementos Sincronizados OK: 47, Errores: 0
2020-08-12 07:59:01: == Sinc. Completa. Tiempo: 00:00:01, Velocidad: 0 bytes/s
2020-08-12 07:59:01: 
