2020-08-19 17:05:45: -- C#: ANÁLISIS comenzado por User en ordenador 'SIN-IT-2' (GoodSync v 9.7.6.6)
2020-08-19 17:05:45: E:\Proyecto BD II Cuatrimestre V2 (E:/Proyecto BD II Cuatrimestre V2) =NoPropDels=> ~maguilar\OneDrive\UH\Proyecto BD II Cuatrimestre V2 (C:/Users/maguilar/OneDrive/UH/Proyecto BD II Cuatrimestre V2)
2020-08-19 17:05:45: I: Archivos: 1.259 (excluidos 2). Carpetas: 292 (excluidas 2). E: NTFS, Libre: 212 GB, Total: 249 GB
2020-08-19 17:05:45: D: Archivos: 1.259 (excluidos 1). Carpetas: 292 (excluidas 1). C: NTFS, Libre: 64,4 GB, Total: 237 GB
2020-08-19 17:05:45: /Fuente/Proyecto/Ferreteria/Ferreteria.Datos/obj/Debug/Ferreteria.Datos.csproj.FileListAbsolute.txt: Aviso: Un archivo anterior sustituirá a uno más Nuevo
2020-08-19 17:05:46: /Fuente/Proyecto/Ferreteria/Ferreteria.Entidades/obj/Debug/Ferreteria.Entidades.csproj.CoreCompileInputs.cache: Aviso: Un archivo anterior sustituirá a uno más Nuevo
2020-08-19 17:05:46: /Fuente/Proyecto/Ferreteria/Ferreteria.Negocio/obj/Debug/Ferreteria.Negocio.csproj.FileListAbsolute.txt: Aviso: Un archivo anterior sustituirá a uno más Nuevo
2020-08-19 17:05:46: /Fuente/Proyecto/Ferreteria/Ferreteria.Presentacion/obj/Debug/Ferreteria.Presentacion.csproj.FileListAbsolute.txt: Aviso: Un archivo anterior sustituirá a uno más Nuevo
2020-08-19 17:05:46: Cambios: 70, Conflictos: 0, TiempoCopia: 0, EstadoCopia: 18/22, Errores: 0
2020-08-19 17:05:46: Left to Right: Copy File: 70 Copy State: 18 
2020-08-19 17:05:46: -- Análisis Completado. Tiempo 00:00:01, Velocidad: 1.555 archivo/s
2020-08-19 17:05:46: 
2020-08-19 17:05:49: == C#: SINC comenzada por User en 'SIN-IT-2'
2020-08-19 17:05:49: E:\Proyecto BD II Cuatrimestre V2 (E:/Proyecto BD II Cuatrimestre V2) =NoPropDels=> ~maguilar\OneDrive\UH\Proyecto BD II Cuatrimestre V2 (C:/Users/maguilar/OneDrive/UH/Proyecto BD II Cuatrimestre V2)
2020-08-19 17:05:49: Crear Carpeta 'C:/Users/maguilar/OneDrive/UH/Proyecto BD II Cuatrimestre V2/DiseñoBD/19082020 1701'
2020-08-19 17:05:49: Copiar Sobre 'E:/Proyecto BD II Cuatrimestre V2/DiseñoBD/13082020/BACKUPTOTAL.sql' -> 'C:/Users/maguilar/OneDrive/UH/Proyecto BD II Cuatrimestre V2/DiseñoBD/13082020/BACKUPTOTAL.sql'
2020-08-19 17:05:49: Copiar Nueva 'E:/Proyecto BD II Cuatrimestre V2/DiseñoBD/19082020 1701/backuptotal.sql' -> 'C:/Users/maguilar/OneDrive/UH/Proyecto BD II Cuatrimestre V2/DiseñoBD/19082020 1701/backuptotal.sql'
2020-08-19 17:05:49: Copiar Sobre 'E:/Proyecto BD II Cuatrimestre V2/Fuente/Proyecto/Ferreteria/Ferreteria.Datos/bin/Debug/Ferreteria.Datos.dll' -> 'C:/Users/maguilar/OneDrive/UH/Proyecto BD II Cuatrimestre V2/Fuente/Proyecto/Ferreteria/Ferreteria.Datos/bin/Debug/Ferreteria.Datos.dll'
2020-08-19 17:05:49: Copiar Sobre 'E:/Proyecto BD II Cuatrimestre V2/Fuente/Proyecto/Ferreteria/Ferreteria.Datos/bin/Debug/Ferreteria.Datos.pdb' -> 'C:/Users/maguilar/OneDrive/UH/Proyecto BD II Cuatrimestre V2/Fuente/Proyecto/Ferreteria/Ferreteria.Datos/bin/Debug/Ferreteria.Datos.pdb'
2020-08-19 17:05:49: Copiar Sobre 'E:/Proyecto BD II Cuatrimestre V2/Fuente/Proyecto/Ferreteria/Ferreteria.Datos/bin/Debug/Ferreteria.Entidades.dll' -> 'C:/Users/maguilar/OneDrive/UH/Proyecto BD II Cuatrimestre V2/Fuente/Proyecto/Ferreteria/Ferreteria.Datos/bin/Debug/Ferreteria.Entidades.dll'
2020-08-19 17:05:49: Copiar Sobre 'E:/Proyecto BD II Cuatrimestre V2/Fuente/Proyecto/Ferreteria/Ferreteria.Datos/bin/Debug/Ferreteria.Entidades.pdb' -> 'C:/Users/maguilar/OneDrive/UH/Proyecto BD II Cuatrimestre V2/Fuente/Proyecto/Ferreteria/Ferreteria.Datos/bin/Debug/Ferreteria.Entidades.pdb'
2020-08-19 17:05:49: Copiar Sobre 'E:/Proyecto BD II Cuatrimestre V2/Fuente/Proyecto/Ferreteria/Ferreteria.Datos/DEmpresa.cs' -> 'C:/Users/maguilar/OneDrive/UH/Proyecto BD II Cuatrimestre V2/Fuente/Proyecto/Ferreteria/Ferreteria.Datos/DEmpresa.cs'
2020-08-19 17:05:49: Copiar Sobre 'E:/Proyecto BD II Cuatrimestre V2/Fuente/Proyecto/Ferreteria/Ferreteria.Datos/obj/Debug/.NETFramework,Version=v4.7.2.AssemblyAttributes.cs' -> 'C:/Users/maguilar/OneDrive/UH/Proyecto BD II Cuatrimestre V2/Fuente/Proyecto/Ferreteria/Ferreteria.Datos/obj/Debug/.NETFramework,Version=v4.7.2.AssemblyAttributes.cs'
2020-08-19 17:05:49: Copiar Sobre 'E:/Proyecto BD II Cuatrimestre V2/Fuente/Proyecto/Ferreteria/Ferreteria.Datos/obj/Debug/Ferreteria.Datos.csproj.CopyComplete' -> 'C:/Users/maguilar/OneDrive/UH/Proyecto BD II Cuatrimestre V2/Fuente/Proyecto/Ferreteria/Ferreteria.Datos/obj/Debug/Ferreteria.Datos.csproj.CopyComplete'
2020-08-19 17:05:49: Copiar Sobre 'E:/Proyecto BD II Cuatrimestre V2/Fuente/Proyecto/Ferreteria/Ferreteria.Datos/obj/Debug/Ferreteria.Datos.csproj.CoreCompileInputs.cache' -> 'C:/Users/maguilar/OneDrive/UH/Proyecto BD II Cuatrimestre V2/Fuente/Proyecto/Ferreteria/Ferreteria.Datos/obj/Debug/Ferreteria.Datos.csproj.CoreCompileInputs.cache'
2020-08-19 17:05:49: Copiar Sobre 'E:/Proyecto BD II Cuatrimestre V2/Fuente/Proyecto/Ferreteria/Ferreteria.Datos/obj/Debug/Ferreteria.Datos.csproj.FileListAbsolute.txt' -> 'C:/Users/maguilar/OneDrive/UH/Proyecto BD II Cuatrimestre V2/Fuente/Proyecto/Ferreteria/Ferreteria.Datos/obj/Debug/Ferreteria.Datos.csproj.FileListAbsolute.txt'
2020-08-19 17:05:49: Copiar Sobre 'E:/Proyecto BD II Cuatrimestre V2/Fuente/Proyecto/Ferreteria/Ferreteria.Datos/obj/Debug/Ferreteria.Datos.csprojAssemblyReference.cache' -> 'C:/Users/maguilar/OneDrive/UH/Proyecto BD II Cuatrimestre V2/Fuente/Proyecto/Ferreteria/Ferreteria.Datos/obj/Debug/Ferreteria.Datos.csprojAssemblyReference.cache'
2020-08-19 17:05:49: Copiar Sobre 'E:/Proyecto BD II Cuatrimestre V2/Fuente/Proyecto/Ferreteria/Ferreteria.Datos/obj/Debug/Ferreteria.Datos.dll' -> 'C:/Users/maguilar/OneDrive/UH/Proyecto BD II Cuatrimestre V2/Fuente/Proyecto/Ferreteria/Ferreteria.Datos/obj/Debug/Ferreteria.Datos.dll'
2020-08-19 17:05:49: Copiar Sobre 'E:/Proyecto BD II Cuatrimestre V2/Fuente/Proyecto/Ferreteria/Ferreteria.Datos/obj/Debug/Ferreteria.Datos.pdb' -> 'C:/Users/maguilar/OneDrive/UH/Proyecto BD II Cuatrimestre V2/Fuente/Proyecto/Ferreteria/Ferreteria.Datos/obj/Debug/Ferreteria.Datos.pdb'
2020-08-19 17:05:49: Copiar Sobre 'E:/Proyecto BD II Cuatrimestre V2/Fuente/Proyecto/Ferreteria/Ferreteria.Entidades/bin/Debug/Ferreteria.Entidades.dll' -> 'C:/Users/maguilar/OneDrive/UH/Proyecto BD II Cuatrimestre V2/Fuente/Proyecto/Ferreteria/Ferreteria.Entidades/bin/Debug/Ferreteria.Entidades.dll'
2020-08-19 17:05:49: Copiar Sobre 'E:/Proyecto BD II Cuatrimestre V2/Fuente/Proyecto/Ferreteria/Ferreteria.Entidades/bin/Debug/Ferreteria.Entidades.pdb' -> 'C:/Users/maguilar/OneDrive/UH/Proyecto BD II Cuatrimestre V2/Fuente/Proyecto/Ferreteria/Ferreteria.Entidades/bin/Debug/Ferreteria.Entidades.pdb'
2020-08-19 17:05:49: Copiar Sobre 'E:/Proyecto BD II Cuatrimestre V2/Fuente/Proyecto/Ferreteria/Ferreteria.Entidades/obj/Debug/.NETFramework,Version=v4.7.2.AssemblyAttributes.cs' -> 'C:/Users/maguilar/OneDrive/UH/Proyecto BD II Cuatrimestre V2/Fuente/Proyecto/Ferreteria/Ferreteria.Entidades/obj/Debug/.NETFramework,Version=v4.7.2.AssemblyAttributes.cs'
2020-08-19 17:05:49: Copiar Sobre 'E:/Proyecto BD II Cuatrimestre V2/Fuente/Proyecto/Ferreteria/Ferreteria.Entidades/obj/Debug/Ferreteria.Entidades.csproj.CopyComplete' -> 'C:/Users/maguilar/OneDrive/UH/Proyecto BD II Cuatrimestre V2/Fuente/Proyecto/Ferreteria/Ferreteria.Entidades/obj/Debug/Ferreteria.Entidades.csproj.CopyComplete'
2020-08-19 17:05:49: Copiar Sobre 'E:/Proyecto BD II Cuatrimestre V2/Fuente/Proyecto/Ferreteria/Ferreteria.Entidades/obj/Debug/Ferreteria.Entidades.csproj.CoreCompileInputs.cache' -> 'C:/Users/maguilar/OneDrive/UH/Proyecto BD II Cuatrimestre V2/Fuente/Proyecto/Ferreteria/Ferreteria.Entidades/obj/Debug/Ferreteria.Entidades.csproj.CoreCompileInputs.cache'
2020-08-19 17:05:49: Copiar Sobre 'E:/Proyecto BD II Cuatrimestre V2/Fuente/Proyecto/Ferreteria/Ferreteria.Entidades/obj/Debug/Ferreteria.Entidades.dll' -> 'C:/Users/maguilar/OneDrive/UH/Proyecto BD II Cuatrimestre V2/Fuente/Proyecto/Ferreteria/Ferreteria.Entidades/obj/Debug/Ferreteria.Entidades.dll'
2020-08-19 17:05:49: Copiar Sobre 'E:/Proyecto BD II Cuatrimestre V2/Fuente/Proyecto/Ferreteria/Ferreteria.Entidades/obj/Debug/Ferreteria.Entidades.pdb' -> 'C:/Users/maguilar/OneDrive/UH/Proyecto BD II Cuatrimestre V2/Fuente/Proyecto/Ferreteria/Ferreteria.Entidades/obj/Debug/Ferreteria.Entidades.pdb'
2020-08-19 17:05:49: Copiar Sobre 'E:/Proyecto BD II Cuatrimestre V2/Fuente/Proyecto/Ferreteria/Ferreteria.Entidades/TBL_EMPRESA.cs' -> 'C:/Users/maguilar/OneDrive/UH/Proyecto BD II Cuatrimestre V2/Fuente/Proyecto/Ferreteria/Ferreteria.Entidades/TBL_EMPRESA.cs'
2020-08-19 17:05:49: Copiar Sobre 'E:/Proyecto BD II Cuatrimestre V2/Fuente/Proyecto/Ferreteria/Ferreteria.Negocio/bin/Debug/Ferreteria.Datos.dll' -> 'C:/Users/maguilar/OneDrive/UH/Proyecto BD II Cuatrimestre V2/Fuente/Proyecto/Ferreteria/Ferreteria.Negocio/bin/Debug/Ferreteria.Datos.dll'
2020-08-19 17:05:49: Copiar Sobre 'E:/Proyecto BD II Cuatrimestre V2/Fuente/Proyecto/Ferreteria/Ferreteria.Negocio/bin/Debug/Ferreteria.Datos.pdb' -> 'C:/Users/maguilar/OneDrive/UH/Proyecto BD II Cuatrimestre V2/Fuente/Proyecto/Ferreteria/Ferreteria.Negocio/bin/Debug/Ferreteria.Datos.pdb'
2020-08-19 17:05:49: Copiar Sobre 'E:/Proyecto BD II Cuatrimestre V2/Fuente/Proyecto/Ferreteria/Ferreteria.Negocio/bin/Debug/Ferreteria.Entidades.dll' -> 'C:/Users/maguilar/OneDrive/UH/Proyecto BD II Cuatrimestre V2/Fuente/Proyecto/Ferreteria/Ferreteria.Negocio/bin/Debug/Ferreteria.Entidades.dll'
2020-08-19 17:05:49: Copiar Sobre 'E:/Proyecto BD II Cuatrimestre V2/Fuente/Proyecto/Ferreteria/Ferreteria.Negocio/bin/Debug/Ferreteria.Entidades.pdb' -> 'C:/Users/maguilar/OneDrive/UH/Proyecto BD II Cuatrimestre V2/Fuente/Proyecto/Ferreteria/Ferreteria.Negocio/bin/Debug/Ferreteria.Entidades.pdb'
2020-08-19 17:05:49: Copiar Sobre 'E:/Proyecto BD II Cuatrimestre V2/Fuente/Proyecto/Ferreteria/Ferreteria.Negocio/bin/Debug/Ferreteria.Negocio.dll' -> 'C:/Users/maguilar/OneDrive/UH/Proyecto BD II Cuatrimestre V2/Fuente/Proyecto/Ferreteria/Ferreteria.Negocio/bin/Debug/Ferreteria.Negocio.dll'
2020-08-19 17:05:49: Copiar Sobre 'E:/Proyecto BD II Cuatrimestre V2/Fuente/Proyecto/Ferreteria/Ferreteria.Negocio/bin/Debug/Ferreteria.Negocio.pdb' -> 'C:/Users/maguilar/OneDrive/UH/Proyecto BD II Cuatrimestre V2/Fuente/Proyecto/Ferreteria/Ferreteria.Negocio/bin/Debug/Ferreteria.Negocio.pdb'
2020-08-19 17:05:49: Copiar Sobre 'E:/Proyecto BD II Cuatrimestre V2/Fuente/Proyecto/Ferreteria/Ferreteria.Negocio/NEmpresa.cs' -> 'C:/Users/maguilar/OneDrive/UH/Proyecto BD II Cuatrimestre V2/Fuente/Proyecto/Ferreteria/Ferreteria.Negocio/NEmpresa.cs'
2020-08-19 17:05:49: Copiar Sobre 'E:/Proyecto BD II Cuatrimestre V2/Fuente/Proyecto/Ferreteria/Ferreteria.Negocio/obj/Debug/.NETFramework,Version=v4.7.2.AssemblyAttributes.cs' -> 'C:/Users/maguilar/OneDrive/UH/Proyecto BD II Cuatrimestre V2/Fuente/Proyecto/Ferreteria/Ferreteria.Negocio/obj/Debug/.NETFramework,Version=v4.7.2.AssemblyAttributes.cs'
2020-08-19 17:05:49: Copiar Sobre 'E:/Proyecto BD II Cuatrimestre V2/Fuente/Proyecto/Ferreteria/Ferreteria.Negocio/obj/Debug/Ferreteria.Negocio.csproj.CopyComplete' -> 'C:/Users/maguilar/OneDrive/UH/Proyecto BD II Cuatrimestre V2/Fuente/Proyecto/Ferreteria/Ferreteria.Negocio/obj/Debug/Ferreteria.Negocio.csproj.CopyComplete'
2020-08-19 17:05:49: Copiar Sobre 'E:/Proyecto BD II Cuatrimestre V2/Fuente/Proyecto/Ferreteria/Ferreteria.Negocio/obj/Debug/Ferreteria.Negocio.csproj.CoreCompileInputs.cache' -> 'C:/Users/maguilar/OneDrive/UH/Proyecto BD II Cuatrimestre V2/Fuente/Proyecto/Ferreteria/Ferreteria.Negocio/obj/Debug/Ferreteria.Negocio.csproj.CoreCompileInputs.cache'
2020-08-19 17:05:49: Copiar Sobre 'E:/Proyecto BD II Cuatrimestre V2/Fuente/Proyecto/Ferreteria/Ferreteria.Negocio/obj/Debug/Ferreteria.Negocio.csproj.FileListAbsolute.txt' -> 'C:/Users/maguilar/OneDrive/UH/Proyecto BD II Cuatrimestre V2/Fuente/Proyecto/Ferreteria/Ferreteria.Negocio/obj/Debug/Ferreteria.Negocio.csproj.FileListAbsolute.txt'
2020-08-19 17:05:49: Copiar Sobre 'E:/Proyecto BD II Cuatrimestre V2/Fuente/Proyecto/Ferreteria/Ferreteria.Negocio/obj/Debug/Ferreteria.Negocio.csprojAssemblyReference.cache' -> 'C:/Users/maguilar/OneDrive/UH/Proyecto BD II Cuatrimestre V2/Fuente/Proyecto/Ferreteria/Ferreteria.Negocio/obj/Debug/Ferreteria.Negocio.csprojAssemblyReference.cache'
2020-08-19 17:05:49: Copiar Sobre 'E:/Proyecto BD II Cuatrimestre V2/Fuente/Proyecto/Ferreteria/Ferreteria.Negocio/obj/Debug/Ferreteria.Negocio.dll' -> 'C:/Users/maguilar/OneDrive/UH/Proyecto BD II Cuatrimestre V2/Fuente/Proyecto/Ferreteria/Ferreteria.Negocio/obj/Debug/Ferreteria.Negocio.dll'
2020-08-19 17:05:49: Copiar Sobre 'E:/Proyecto BD II Cuatrimestre V2/Fuente/Proyecto/Ferreteria/Ferreteria.Negocio/obj/Debug/Ferreteria.Negocio.pdb' -> 'C:/Users/maguilar/OneDrive/UH/Proyecto BD II Cuatrimestre V2/Fuente/Proyecto/Ferreteria/Ferreteria.Negocio/obj/Debug/Ferreteria.Negocio.pdb'
2020-08-19 17:05:49: Copiar Sobre 'E:/Proyecto BD II Cuatrimestre V2/Fuente/Proyecto/Ferreteria/Ferreteria.Presentacion/bin/Debug/Ferreteria.Datos.dll' -> 'C:/Users/maguilar/OneDrive/UH/Proyecto BD II Cuatrimestre V2/Fuente/Proyecto/Ferreteria/Ferreteria.Presentacion/bin/Debug/Ferreteria.Datos.dll'
2020-08-19 17:05:50: Copiar Sobre 'E:/Proyecto BD II Cuatrimestre V2/Fuente/Proyecto/Ferreteria/Ferreteria.Presentacion/bin/Debug/Ferreteria.Datos.pdb' -> 'C:/Users/maguilar/OneDrive/UH/Proyecto BD II Cuatrimestre V2/Fuente/Proyecto/Ferreteria/Ferreteria.Presentacion/bin/Debug/Ferreteria.Datos.pdb'
2020-08-19 17:05:50: Copiar Sobre 'E:/Proyecto BD II Cuatrimestre V2/Fuente/Proyecto/Ferreteria/Ferreteria.Presentacion/bin/Debug/Ferreteria.Entidades.dll' -> 'C:/Users/maguilar/OneDrive/UH/Proyecto BD II Cuatrimestre V2/Fuente/Proyecto/Ferreteria/Ferreteria.Presentacion/bin/Debug/Ferreteria.Entidades.dll'
2020-08-19 17:05:50: Copiar Sobre 'E:/Proyecto BD II Cuatrimestre V2/Fuente/Proyecto/Ferreteria/Ferreteria.Presentacion/bin/Debug/Ferreteria.Entidades.pdb' -> 'C:/Users/maguilar/OneDrive/UH/Proyecto BD II Cuatrimestre V2/Fuente/Proyecto/Ferreteria/Ferreteria.Presentacion/bin/Debug/Ferreteria.Entidades.pdb'
2020-08-19 17:05:50: Copiar Sobre 'E:/Proyecto BD II Cuatrimestre V2/Fuente/Proyecto/Ferreteria/Ferreteria.Presentacion/bin/Debug/Ferreteria.Negocio.dll' -> 'C:/Users/maguilar/OneDrive/UH/Proyecto BD II Cuatrimestre V2/Fuente/Proyecto/Ferreteria/Ferreteria.Presentacion/bin/Debug/Ferreteria.Negocio.dll'
2020-08-19 17:05:50: Copiar Sobre 'E:/Proyecto BD II Cuatrimestre V2/Fuente/Proyecto/Ferreteria/Ferreteria.Presentacion/bin/Debug/Ferreteria.Negocio.pdb' -> 'C:/Users/maguilar/OneDrive/UH/Proyecto BD II Cuatrimestre V2/Fuente/Proyecto/Ferreteria/Ferreteria.Presentacion/bin/Debug/Ferreteria.Negocio.pdb'
2020-08-19 17:05:50: Copiar Sobre 'E:/Proyecto BD II Cuatrimestre V2/Fuente/Proyecto/Ferreteria/Ferreteria.Presentacion/bin/Debug/Ferreteria.Presentacion.exe' -> 'C:/Users/maguilar/OneDrive/UH/Proyecto BD II Cuatrimestre V2/Fuente/Proyecto/Ferreteria/Ferreteria.Presentacion/bin/Debug/Ferreteria.Presentacion.exe'
2020-08-19 17:05:50: Copiar Sobre 'E:/Proyecto BD II Cuatrimestre V2/Fuente/Proyecto/Ferreteria/Ferreteria.Presentacion/bin/Debug/Ferreteria.Presentacion.pdb' -> 'C:/Users/maguilar/OneDrive/UH/Proyecto BD II Cuatrimestre V2/Fuente/Proyecto/Ferreteria/Ferreteria.Presentacion/bin/Debug/Ferreteria.Presentacion.pdb'
2020-08-19 17:05:50: Copiar Sobre 'E:/Proyecto BD II Cuatrimestre V2/Fuente/Proyecto/Ferreteria/Ferreteria.Presentacion/FRM_DATOS_EMPRESA.cs' -> 'C:/Users/maguilar/OneDrive/UH/Proyecto BD II Cuatrimestre V2/Fuente/Proyecto/Ferreteria/Ferreteria.Presentacion/FRM_DATOS_EMPRESA.cs'
2020-08-19 17:05:50: Copiar Sobre 'E:/Proyecto BD II Cuatrimestre V2/Fuente/Proyecto/Ferreteria/Ferreteria.Presentacion/FRM_DATOS_EMPRESA.Designer.cs' -> 'C:/Users/maguilar/OneDrive/UH/Proyecto BD II Cuatrimestre V2/Fuente/Proyecto/Ferreteria/Ferreteria.Presentacion/FRM_DATOS_EMPRESA.Designer.cs'
2020-08-19 17:05:50: Copiar Sobre 'E:/Proyecto BD II Cuatrimestre V2/Fuente/Proyecto/Ferreteria/Ferreteria.Presentacion/FRM_DATOS_EMPRESA.resx' -> 'C:/Users/maguilar/OneDrive/UH/Proyecto BD II Cuatrimestre V2/Fuente/Proyecto/Ferreteria/Ferreteria.Presentacion/FRM_DATOS_EMPRESA.resx'
2020-08-19 17:05:50: Copiar Sobre 'E:/Proyecto BD II Cuatrimestre V2/Fuente/Proyecto/Ferreteria/Ferreteria.Presentacion/FRM_Def_Monedas.cs' -> 'C:/Users/maguilar/OneDrive/UH/Proyecto BD II Cuatrimestre V2/Fuente/Proyecto/Ferreteria/Ferreteria.Presentacion/FRM_Def_Monedas.cs'
2020-08-19 17:05:50: Copiar Sobre 'E:/Proyecto BD II Cuatrimestre V2/Fuente/Proyecto/Ferreteria/Ferreteria.Presentacion/FRMCategoria.cs' -> 'C:/Users/maguilar/OneDrive/UH/Proyecto BD II Cuatrimestre V2/Fuente/Proyecto/Ferreteria/Ferreteria.Presentacion/FRMCategoria.cs'
2020-08-19 17:05:50: Copiar Sobre 'E:/Proyecto BD II Cuatrimestre V2/Fuente/Proyecto/Ferreteria/Ferreteria.Presentacion/obj/Debug/.NETFramework,Version=v4.7.2.AssemblyAttributes.cs' -> 'C:/Users/maguilar/OneDrive/UH/Proyecto BD II Cuatrimestre V2/Fuente/Proyecto/Ferreteria/Ferreteria.Presentacion/obj/Debug/.NETFramework,Version=v4.7.2.AssemblyAttributes.cs'
2020-08-19 17:05:50: Copiar Sobre 'E:/Proyecto BD II Cuatrimestre V2/Fuente/Proyecto/Ferreteria/Ferreteria.Presentacion/obj/Debug/Ferreteria.Presentacion.csproj.CopyComplete' -> 'C:/Users/maguilar/OneDrive/UH/Proyecto BD II Cuatrimestre V2/Fuente/Proyecto/Ferreteria/Ferreteria.Presentacion/obj/Debug/Ferreteria.Presentacion.csproj.CopyComplete'
2020-08-19 17:05:50: Copiar Sobre 'E:/Proyecto BD II Cuatrimestre V2/Fuente/Proyecto/Ferreteria/Ferreteria.Presentacion/obj/Debug/Ferreteria.Presentacion.csproj.CoreCompileInputs.cache' -> 'C:/Users/maguilar/OneDrive/UH/Proyecto BD II Cuatrimestre V2/Fuente/Proyecto/Ferreteria/Ferreteria.Presentacion/obj/Debug/Ferreteria.Presentacion.csproj.CoreCompileInputs.cache'
2020-08-19 17:05:50: Copiar Sobre 'E:/Proyecto BD II Cuatrimestre V2/Fuente/Proyecto/Ferreteria/Ferreteria.Presentacion/obj/Debug/Ferreteria.Presentacion.csproj.FileListAbsolute.txt' -> 'C:/Users/maguilar/OneDrive/UH/Proyecto BD II Cuatrimestre V2/Fuente/Proyecto/Ferreteria/Ferreteria.Presentacion/obj/Debug/Ferreteria.Presentacion.csproj.FileListAbsolute.txt'
2020-08-19 17:05:50: Copiar Sobre 'E:/Proyecto BD II Cuatrimestre V2/Fuente/Proyecto/Ferreteria/Ferreteria.Presentacion/obj/Debug/Ferreteria.Presentacion.csproj.GenerateResource.cache' -> 'C:/Users/maguilar/OneDrive/UH/Proyecto BD II Cuatrimestre V2/Fuente/Proyecto/Ferreteria/Ferreteria.Presentacion/obj/Debug/Ferreteria.Presentacion.csproj.GenerateResource.cache'
2020-08-19 17:05:50: Copiar Sobre 'E:/Proyecto BD II Cuatrimestre V2/Fuente/Proyecto/Ferreteria/Ferreteria.Presentacion/obj/Debug/Ferreteria.Presentacion.csprojAssemblyReference.cache' -> 'C:/Users/maguilar/OneDrive/UH/Proyecto BD II Cuatrimestre V2/Fuente/Proyecto/Ferreteria/Ferreteria.Presentacion/obj/Debug/Ferreteria.Presentacion.csprojAssemblyReference.cache'
2020-08-19 17:05:50: Copiar Sobre 'E:/Proyecto BD II Cuatrimestre V2/Fuente/Proyecto/Ferreteria/Ferreteria.Presentacion/obj/Debug/Ferreteria.Presentacion.exe' -> 'C:/Users/maguilar/OneDrive/UH/Proyecto BD II Cuatrimestre V2/Fuente/Proyecto/Ferreteria/Ferreteria.Presentacion/obj/Debug/Ferreteria.Presentacion.exe'
2020-08-19 17:05:50: Copiar Sobre 'E:/Proyecto BD II Cuatrimestre V2/Fuente/Proyecto/Ferreteria/Ferreteria.Presentacion/obj/Debug/Ferreteria.Presentacion.FRM_DATOS_EMPRESA.resources' -> 'C:/Users/maguilar/OneDrive/UH/Proyecto BD II Cuatrimestre V2/Fuente/Proyecto/Ferreteria/Ferreteria.Presentacion/obj/Debug/Ferreteria.Presentacion.FRM_DATOS_EMPRESA.resources'
2020-08-19 17:05:50: Copiar Sobre 'E:/Proyecto BD II Cuatrimestre V2/Fuente/Proyecto/Ferreteria/Ferreteria.Presentacion/obj/Debug/Ferreteria.Presentacion.FRM_Def_Monedas.resources' -> 'C:/Users/maguilar/OneDrive/UH/Proyecto BD II Cuatrimestre V2/Fuente/Proyecto/Ferreteria/Ferreteria.Presentacion/obj/Debug/Ferreteria.Presentacion.FRM_Def_Monedas.resources'
2020-08-19 17:05:50: Copiar Sobre 'E:/Proyecto BD II Cuatrimestre V2/Fuente/Proyecto/Ferreteria/Ferreteria.Presentacion/obj/Debug/Ferreteria.Presentacion.FRM_Tipo_Identificacion.resources' -> 'C:/Users/maguilar/OneDrive/UH/Proyecto BD II Cuatrimestre V2/Fuente/Proyecto/Ferreteria/Ferreteria.Presentacion/obj/Debug/Ferreteria.Presentacion.FRM_Tipo_Identificacion.resources'
2020-08-19 17:05:50: Copiar Sobre 'E:/Proyecto BD II Cuatrimestre V2/Fuente/Proyecto/Ferreteria/Ferreteria.Presentacion/obj/Debug/Ferreteria.Presentacion.FRM_Unds_Medidas.resources' -> 'C:/Users/maguilar/OneDrive/UH/Proyecto BD II Cuatrimestre V2/Fuente/Proyecto/Ferreteria/Ferreteria.Presentacion/obj/Debug/Ferreteria.Presentacion.FRM_Unds_Medidas.resources'
2020-08-19 17:05:50: Copiar Sobre 'E:/Proyecto BD II Cuatrimestre V2/Fuente/Proyecto/Ferreteria/Ferreteria.Presentacion/obj/Debug/Ferreteria.Presentacion.FRMArticulos.resources' -> 'C:/Users/maguilar/OneDrive/UH/Proyecto BD II Cuatrimestre V2/Fuente/Proyecto/Ferreteria/Ferreteria.Presentacion/obj/Debug/Ferreteria.Presentacion.FRMArticulos.resources'
2020-08-19 17:05:50: Copiar Sobre 'E:/Proyecto BD II Cuatrimestre V2/Fuente/Proyecto/Ferreteria/Ferreteria.Presentacion/obj/Debug/Ferreteria.Presentacion.FRMCategoria.resources' -> 'C:/Users/maguilar/OneDrive/UH/Proyecto BD II Cuatrimestre V2/Fuente/Proyecto/Ferreteria/Ferreteria.Presentacion/obj/Debug/Ferreteria.Presentacion.FRMCategoria.resources'
2020-08-19 17:05:50: Copiar Sobre 'E:/Proyecto BD II Cuatrimestre V2/Fuente/Proyecto/Ferreteria/Ferreteria.Presentacion/obj/Debug/Ferreteria.Presentacion.FRMLogin.resources' -> 'C:/Users/maguilar/OneDrive/UH/Proyecto BD II Cuatrimestre V2/Fuente/Proyecto/Ferreteria/Ferreteria.Presentacion/obj/Debug/Ferreteria.Presentacion.FRMLogin.resources'
2020-08-19 17:05:50: Copiar Sobre 'E:/Proyecto BD II Cuatrimestre V2/Fuente/Proyecto/Ferreteria/Ferreteria.Presentacion/obj/Debug/Ferreteria.Presentacion.FRMPrincipal.resources' -> 'C:/Users/maguilar/OneDrive/UH/Proyecto BD II Cuatrimestre V2/Fuente/Proyecto/Ferreteria/Ferreteria.Presentacion/obj/Debug/Ferreteria.Presentacion.FRMPrincipal.resources'
2020-08-19 17:05:50: Copiar Sobre 'E:/Proyecto BD II Cuatrimestre V2/Fuente/Proyecto/Ferreteria/Ferreteria.Presentacion/obj/Debug/Ferreteria.Presentacion.FRMProvincias.resources' -> 'C:/Users/maguilar/OneDrive/UH/Proyecto BD II Cuatrimestre V2/Fuente/Proyecto/Ferreteria/Ferreteria.Presentacion/obj/Debug/Ferreteria.Presentacion.FRMProvincias.resources'
2020-08-19 17:05:50: Copiar Sobre 'E:/Proyecto BD II Cuatrimestre V2/Fuente/Proyecto/Ferreteria/Ferreteria.Presentacion/obj/Debug/Ferreteria.Presentacion.FRMTipo_Cia.resources' -> 'C:/Users/maguilar/OneDrive/UH/Proyecto BD II Cuatrimestre V2/Fuente/Proyecto/Ferreteria/Ferreteria.Presentacion/obj/Debug/Ferreteria.Presentacion.FRMTipo_Cia.resources'
2020-08-19 17:05:50: Copiar Sobre 'E:/Proyecto BD II Cuatrimestre V2/Fuente/Proyecto/Ferreteria/Ferreteria.Presentacion/obj/Debug/Ferreteria.Presentacion.FRMTiposCambio.resources' -> 'C:/Users/maguilar/OneDrive/UH/Proyecto BD II Cuatrimestre V2/Fuente/Proyecto/Ferreteria/Ferreteria.Presentacion/obj/Debug/Ferreteria.Presentacion.FRMTiposCambio.resources'
2020-08-19 17:05:50: Copiar Sobre 'E:/Proyecto BD II Cuatrimestre V2/Fuente/Proyecto/Ferreteria/Ferreteria.Presentacion/obj/Debug/Ferreteria.Presentacion.pdb' -> 'C:/Users/maguilar/OneDrive/UH/Proyecto BD II Cuatrimestre V2/Fuente/Proyecto/Ferreteria/Ferreteria.Presentacion/obj/Debug/Ferreteria.Presentacion.pdb'
2020-08-19 17:05:50: Copiar Sobre 'E:/Proyecto BD II Cuatrimestre V2/Fuente/Proyecto/Ferreteria/Ferreteria.Presentacion/obj/Debug/Ferreteria.Presentacion.Properties.Resources.resources' -> 'C:/Users/maguilar/OneDrive/UH/Proyecto BD II Cuatrimestre V2/Fuente/Proyecto/Ferreteria/Ferreteria.Presentacion/obj/Debug/Ferreteria.Presentacion.Properties.Resources.resources'
2020-08-19 17:05:50: Elementos Sincronizados OK: 110, Errores: 0
2020-08-19 17:05:50: == Sinc. Completa. Tiempo: 00:00:01, Velocidad: 3,45 MB/s
2020-08-19 17:05:50: 
