2020-08-11 17:01:32: -- C#: ANÁLISIS comenzado por User en ordenador 'SIN-IT-2' (GoodSync v 9.7.6.6)
2020-08-11 17:01:32: E:\Proyecto BD II Cuatrimestre V2 (E:/Proyecto BD II Cuatrimestre V2) =PropDels=> ~maguilar\OneDrive\UH\Proyecto BD II Cuatrimestre V2 (C:/Users/maguilar/OneDrive/UH/Proyecto BD II Cuatrimestre V2)
2020-08-11 17:01:32: I: Archivos: 1.255 (excluidos 2). Carpetas: 290 (excluidas 2). E: NTFS, Libre: 212 GB, Total: 249 GB
2020-08-11 17:01:32: D: Archivos: 1.250 (excluidos 1). Carpetas: 291 (excluidas 1). C: NTFS, Libre: 64,1 GB, Total: 237 GB
2020-08-11 17:01:32: Cambios: 79, Conflictos: 0, TiempoCopia: 0, EstadoCopia: 0/0, Errores: 0
2020-08-11 17:01:32: Left to Right: Copy File: 79 
2020-08-11 17:01:32: -- Análisis Completado. Tiempo 00:00:00, Velocidad: Many archivo/s
2020-08-11 17:01:32: 
2020-08-11 17:01:39: == C#: SINC comenzada por User en 'SIN-IT-2'
2020-08-11 17:01:39: E:\Proyecto BD II Cuatrimestre V2 (E:/Proyecto BD II Cuatrimestre V2) =PropDels=> ~maguilar\OneDrive\UH\Proyecto BD II Cuatrimestre V2 (C:/Users/maguilar/OneDrive/UH/Proyecto BD II Cuatrimestre V2)
2020-08-11 17:01:39: Copiar Sobre 'E:/Proyecto BD II Cuatrimestre V2/Fuente/Proyecto/Ferreteria/Ferreteria.Datos/bin/Debug/Ferreteria.Datos.dll' -> 'C:/Users/maguilar/OneDrive/UH/Proyecto BD II Cuatrimestre V2/Fuente/Proyecto/Ferreteria/Ferreteria.Datos/bin/Debug/Ferreteria.Datos.dll'
2020-08-11 17:01:39: Copiar Sobre 'E:/Proyecto BD II Cuatrimestre V2/Fuente/Proyecto/Ferreteria/Ferreteria.Datos/bin/Debug/Ferreteria.Datos.pdb' -> 'C:/Users/maguilar/OneDrive/UH/Proyecto BD II Cuatrimestre V2/Fuente/Proyecto/Ferreteria/Ferreteria.Datos/bin/Debug/Ferreteria.Datos.pdb'
2020-08-11 17:01:39: Copiar Sobre 'E:/Proyecto BD II Cuatrimestre V2/Fuente/Proyecto/Ferreteria/Ferreteria.Datos/bin/Debug/Ferreteria.Entidades.dll' -> 'C:/Users/maguilar/OneDrive/UH/Proyecto BD II Cuatrimestre V2/Fuente/Proyecto/Ferreteria/Ferreteria.Datos/bin/Debug/Ferreteria.Entidades.dll'
2020-08-11 17:01:39: Copiar Sobre 'E:/Proyecto BD II Cuatrimestre V2/Fuente/Proyecto/Ferreteria/Ferreteria.Datos/bin/Debug/Ferreteria.Entidades.pdb' -> 'C:/Users/maguilar/OneDrive/UH/Proyecto BD II Cuatrimestre V2/Fuente/Proyecto/Ferreteria/Ferreteria.Datos/bin/Debug/Ferreteria.Entidades.pdb'
2020-08-11 17:01:39: Copiar Nueva 'E:/Proyecto BD II Cuatrimestre V2/Fuente/Proyecto/Ferreteria/Ferreteria.Datos/DTipo_Identificacion.cs' -> 'C:/Users/maguilar/OneDrive/UH/Proyecto BD II Cuatrimestre V2/Fuente/Proyecto/Ferreteria/Ferreteria.Datos/DTipo_Identificacion.cs'
2020-08-11 17:01:39: Copiar Sobre 'E:/Proyecto BD II Cuatrimestre V2/Fuente/Proyecto/Ferreteria/Ferreteria.Datos/Ferreteria.Datos.csproj' -> 'C:/Users/maguilar/OneDrive/UH/Proyecto BD II Cuatrimestre V2/Fuente/Proyecto/Ferreteria/Ferreteria.Datos/Ferreteria.Datos.csproj'
2020-08-11 17:01:39: Copiar Sobre 'E:/Proyecto BD II Cuatrimestre V2/Fuente/Proyecto/Ferreteria/Ferreteria.Datos/obj/Debug/DesignTimeResolveAssemblyReferencesInput.cache' -> 'C:/Users/maguilar/OneDrive/UH/Proyecto BD II Cuatrimestre V2/Fuente/Proyecto/Ferreteria/Ferreteria.Datos/obj/Debug/DesignTimeResolveAssemblyReferencesInput.cache'
2020-08-11 17:01:39: Copiar Sobre 'E:/Proyecto BD II Cuatrimestre V2/Fuente/Proyecto/Ferreteria/Ferreteria.Datos/obj/Debug/Ferreteria.Datos.csproj.CopyComplete' -> 'C:/Users/maguilar/OneDrive/UH/Proyecto BD II Cuatrimestre V2/Fuente/Proyecto/Ferreteria/Ferreteria.Datos/obj/Debug/Ferreteria.Datos.csproj.CopyComplete'
2020-08-11 17:01:39: Copiar Sobre 'E:/Proyecto BD II Cuatrimestre V2/Fuente/Proyecto/Ferreteria/Ferreteria.Datos/obj/Debug/Ferreteria.Datos.csproj.CoreCompileInputs.cache' -> 'C:/Users/maguilar/OneDrive/UH/Proyecto BD II Cuatrimestre V2/Fuente/Proyecto/Ferreteria/Ferreteria.Datos/obj/Debug/Ferreteria.Datos.csproj.CoreCompileInputs.cache'
2020-08-11 17:01:39: Copiar Sobre 'E:/Proyecto BD II Cuatrimestre V2/Fuente/Proyecto/Ferreteria/Ferreteria.Datos/obj/Debug/Ferreteria.Datos.csprojAssemblyReference.cache' -> 'C:/Users/maguilar/OneDrive/UH/Proyecto BD II Cuatrimestre V2/Fuente/Proyecto/Ferreteria/Ferreteria.Datos/obj/Debug/Ferreteria.Datos.csprojAssemblyReference.cache'
2020-08-11 17:01:39: Copiar Sobre 'E:/Proyecto BD II Cuatrimestre V2/Fuente/Proyecto/Ferreteria/Ferreteria.Datos/obj/Debug/Ferreteria.Datos.dll' -> 'C:/Users/maguilar/OneDrive/UH/Proyecto BD II Cuatrimestre V2/Fuente/Proyecto/Ferreteria/Ferreteria.Datos/obj/Debug/Ferreteria.Datos.dll'
2020-08-11 17:01:39: Copiar Sobre 'E:/Proyecto BD II Cuatrimestre V2/Fuente/Proyecto/Ferreteria/Ferreteria.Datos/obj/Debug/Ferreteria.Datos.pdb' -> 'C:/Users/maguilar/OneDrive/UH/Proyecto BD II Cuatrimestre V2/Fuente/Proyecto/Ferreteria/Ferreteria.Datos/obj/Debug/Ferreteria.Datos.pdb'
2020-08-11 17:01:39: Copiar Sobre 'E:/Proyecto BD II Cuatrimestre V2/Fuente/Proyecto/Ferreteria/Ferreteria.Entidades/bin/Debug/Ferreteria.Entidades.dll' -> 'C:/Users/maguilar/OneDrive/UH/Proyecto BD II Cuatrimestre V2/Fuente/Proyecto/Ferreteria/Ferreteria.Entidades/bin/Debug/Ferreteria.Entidades.dll'
2020-08-11 17:01:39: Copiar Sobre 'E:/Proyecto BD II Cuatrimestre V2/Fuente/Proyecto/Ferreteria/Ferreteria.Entidades/bin/Debug/Ferreteria.Entidades.pdb' -> 'C:/Users/maguilar/OneDrive/UH/Proyecto BD II Cuatrimestre V2/Fuente/Proyecto/Ferreteria/Ferreteria.Entidades/bin/Debug/Ferreteria.Entidades.pdb'
2020-08-11 17:01:39: Copiar Sobre 'E:/Proyecto BD II Cuatrimestre V2/Fuente/Proyecto/Ferreteria/Ferreteria.Entidades/obj/Debug/Ferreteria.Entidades.csproj.CopyComplete' -> 'C:/Users/maguilar/OneDrive/UH/Proyecto BD II Cuatrimestre V2/Fuente/Proyecto/Ferreteria/Ferreteria.Entidades/obj/Debug/Ferreteria.Entidades.csproj.CopyComplete'
2020-08-11 17:01:39: Copiar Sobre 'E:/Proyecto BD II Cuatrimestre V2/Fuente/Proyecto/Ferreteria/Ferreteria.Entidades/obj/Debug/Ferreteria.Entidades.csproj.CoreCompileInputs.cache' -> 'C:/Users/maguilar/OneDrive/UH/Proyecto BD II Cuatrimestre V2/Fuente/Proyecto/Ferreteria/Ferreteria.Entidades/obj/Debug/Ferreteria.Entidades.csproj.CoreCompileInputs.cache'
2020-08-11 17:01:39: Copiar Sobre 'E:/Proyecto BD II Cuatrimestre V2/Fuente/Proyecto/Ferreteria/Ferreteria.Entidades/obj/Debug/Ferreteria.Entidades.csprojAssemblyReference.cache' -> 'C:/Users/maguilar/OneDrive/UH/Proyecto BD II Cuatrimestre V2/Fuente/Proyecto/Ferreteria/Ferreteria.Entidades/obj/Debug/Ferreteria.Entidades.csprojAssemblyReference.cache'
2020-08-11 17:01:39: Copiar Sobre 'E:/Proyecto BD II Cuatrimestre V2/Fuente/Proyecto/Ferreteria/Ferreteria.Entidades/obj/Debug/Ferreteria.Entidades.dll' -> 'C:/Users/maguilar/OneDrive/UH/Proyecto BD II Cuatrimestre V2/Fuente/Proyecto/Ferreteria/Ferreteria.Entidades/obj/Debug/Ferreteria.Entidades.dll'
2020-08-11 17:01:39: Copiar Sobre 'E:/Proyecto BD II Cuatrimestre V2/Fuente/Proyecto/Ferreteria/Ferreteria.Entidades/obj/Debug/Ferreteria.Entidades.pdb' -> 'C:/Users/maguilar/OneDrive/UH/Proyecto BD II Cuatrimestre V2/Fuente/Proyecto/Ferreteria/Ferreteria.Entidades/obj/Debug/Ferreteria.Entidades.pdb'
2020-08-11 17:01:39: Copiar Sobre 'E:/Proyecto BD II Cuatrimestre V2/Fuente/Proyecto/Ferreteria/Ferreteria.Entidades/TBL_EMPRESA.cs' -> 'C:/Users/maguilar/OneDrive/UH/Proyecto BD II Cuatrimestre V2/Fuente/Proyecto/Ferreteria/Ferreteria.Entidades/TBL_EMPRESA.cs'
2020-08-11 17:01:39: Copiar Sobre 'E:/Proyecto BD II Cuatrimestre V2/Fuente/Proyecto/Ferreteria/Ferreteria.Entidades/TBL_TIPO_IDENTIFICACION.cs' -> 'C:/Users/maguilar/OneDrive/UH/Proyecto BD II Cuatrimestre V2/Fuente/Proyecto/Ferreteria/Ferreteria.Entidades/TBL_TIPO_IDENTIFICACION.cs'
2020-08-11 17:01:39: Copiar Sobre 'E:/Proyecto BD II Cuatrimestre V2/Fuente/Proyecto/Ferreteria/Ferreteria.Negocio/bin/Debug/Ferreteria.Datos.dll' -> 'C:/Users/maguilar/OneDrive/UH/Proyecto BD II Cuatrimestre V2/Fuente/Proyecto/Ferreteria/Ferreteria.Negocio/bin/Debug/Ferreteria.Datos.dll'
2020-08-11 17:01:39: Copiar Sobre 'E:/Proyecto BD II Cuatrimestre V2/Fuente/Proyecto/Ferreteria/Ferreteria.Negocio/bin/Debug/Ferreteria.Datos.pdb' -> 'C:/Users/maguilar/OneDrive/UH/Proyecto BD II Cuatrimestre V2/Fuente/Proyecto/Ferreteria/Ferreteria.Negocio/bin/Debug/Ferreteria.Datos.pdb'
2020-08-11 17:01:39: Copiar Sobre 'E:/Proyecto BD II Cuatrimestre V2/Fuente/Proyecto/Ferreteria/Ferreteria.Negocio/bin/Debug/Ferreteria.Entidades.dll' -> 'C:/Users/maguilar/OneDrive/UH/Proyecto BD II Cuatrimestre V2/Fuente/Proyecto/Ferreteria/Ferreteria.Negocio/bin/Debug/Ferreteria.Entidades.dll'
2020-08-11 17:01:39: Copiar Sobre 'E:/Proyecto BD II Cuatrimestre V2/Fuente/Proyecto/Ferreteria/Ferreteria.Negocio/bin/Debug/Ferreteria.Entidades.pdb' -> 'C:/Users/maguilar/OneDrive/UH/Proyecto BD II Cuatrimestre V2/Fuente/Proyecto/Ferreteria/Ferreteria.Negocio/bin/Debug/Ferreteria.Entidades.pdb'
2020-08-11 17:01:39: Copiar Sobre 'E:/Proyecto BD II Cuatrimestre V2/Fuente/Proyecto/Ferreteria/Ferreteria.Negocio/bin/Debug/Ferreteria.Negocio.dll' -> 'C:/Users/maguilar/OneDrive/UH/Proyecto BD II Cuatrimestre V2/Fuente/Proyecto/Ferreteria/Ferreteria.Negocio/bin/Debug/Ferreteria.Negocio.dll'
2020-08-11 17:01:39: Copiar Sobre 'E:/Proyecto BD II Cuatrimestre V2/Fuente/Proyecto/Ferreteria/Ferreteria.Negocio/bin/Debug/Ferreteria.Negocio.pdb' -> 'C:/Users/maguilar/OneDrive/UH/Proyecto BD II Cuatrimestre V2/Fuente/Proyecto/Ferreteria/Ferreteria.Negocio/bin/Debug/Ferreteria.Negocio.pdb'
2020-08-11 17:01:39: Copiar Sobre 'E:/Proyecto BD II Cuatrimestre V2/Fuente/Proyecto/Ferreteria/Ferreteria.Negocio/Ferreteria.Negocio.csproj' -> 'C:/Users/maguilar/OneDrive/UH/Proyecto BD II Cuatrimestre V2/Fuente/Proyecto/Ferreteria/Ferreteria.Negocio/Ferreteria.Negocio.csproj'
2020-08-11 17:01:39: Copiar Sobre 'E:/Proyecto BD II Cuatrimestre V2/Fuente/Proyecto/Ferreteria/Ferreteria.Negocio/NEmpresa.cs' -> 'C:/Users/maguilar/OneDrive/UH/Proyecto BD II Cuatrimestre V2/Fuente/Proyecto/Ferreteria/Ferreteria.Negocio/NEmpresa.cs'
2020-08-11 17:01:39: Copiar Sobre 'E:/Proyecto BD II Cuatrimestre V2/Fuente/Proyecto/Ferreteria/Ferreteria.Negocio/NProvincias.cs' -> 'C:/Users/maguilar/OneDrive/UH/Proyecto BD II Cuatrimestre V2/Fuente/Proyecto/Ferreteria/Ferreteria.Negocio/NProvincias.cs'
2020-08-11 17:01:39: Copiar Nueva 'E:/Proyecto BD II Cuatrimestre V2/Fuente/Proyecto/Ferreteria/Ferreteria.Negocio/NTipo_Identificacion.cs' -> 'C:/Users/maguilar/OneDrive/UH/Proyecto BD II Cuatrimestre V2/Fuente/Proyecto/Ferreteria/Ferreteria.Negocio/NTipo_Identificacion.cs'
2020-08-11 17:01:39: Copiar Sobre 'E:/Proyecto BD II Cuatrimestre V2/Fuente/Proyecto/Ferreteria/Ferreteria.Negocio/obj/Debug/DesignTimeResolveAssemblyReferencesInput.cache' -> 'C:/Users/maguilar/OneDrive/UH/Proyecto BD II Cuatrimestre V2/Fuente/Proyecto/Ferreteria/Ferreteria.Negocio/obj/Debug/DesignTimeResolveAssemblyReferencesInput.cache'
2020-08-11 17:01:39: Copiar Sobre 'E:/Proyecto BD II Cuatrimestre V2/Fuente/Proyecto/Ferreteria/Ferreteria.Negocio/obj/Debug/Ferreteria.Negocio.csproj.CopyComplete' -> 'C:/Users/maguilar/OneDrive/UH/Proyecto BD II Cuatrimestre V2/Fuente/Proyecto/Ferreteria/Ferreteria.Negocio/obj/Debug/Ferreteria.Negocio.csproj.CopyComplete'
2020-08-11 17:01:39: Copiar Sobre 'E:/Proyecto BD II Cuatrimestre V2/Fuente/Proyecto/Ferreteria/Ferreteria.Negocio/obj/Debug/Ferreteria.Negocio.csproj.CoreCompileInputs.cache' -> 'C:/Users/maguilar/OneDrive/UH/Proyecto BD II Cuatrimestre V2/Fuente/Proyecto/Ferreteria/Ferreteria.Negocio/obj/Debug/Ferreteria.Negocio.csproj.CoreCompileInputs.cache'
2020-08-11 17:01:39: Copiar Sobre 'E:/Proyecto BD II Cuatrimestre V2/Fuente/Proyecto/Ferreteria/Ferreteria.Negocio/obj/Debug/Ferreteria.Negocio.csproj.FileListAbsolute.txt' -> 'C:/Users/maguilar/OneDrive/UH/Proyecto BD II Cuatrimestre V2/Fuente/Proyecto/Ferreteria/Ferreteria.Negocio/obj/Debug/Ferreteria.Negocio.csproj.FileListAbsolute.txt'
2020-08-11 17:01:39: Copiar Sobre 'E:/Proyecto BD II Cuatrimestre V2/Fuente/Proyecto/Ferreteria/Ferreteria.Negocio/obj/Debug/Ferreteria.Negocio.csprojAssemblyReference.cache' -> 'C:/Users/maguilar/OneDrive/UH/Proyecto BD II Cuatrimestre V2/Fuente/Proyecto/Ferreteria/Ferreteria.Negocio/obj/Debug/Ferreteria.Negocio.csprojAssemblyReference.cache'
2020-08-11 17:01:39: Copiar Sobre 'E:/Proyecto BD II Cuatrimestre V2/Fuente/Proyecto/Ferreteria/Ferreteria.Negocio/obj/Debug/Ferreteria.Negocio.dll' -> 'C:/Users/maguilar/OneDrive/UH/Proyecto BD II Cuatrimestre V2/Fuente/Proyecto/Ferreteria/Ferreteria.Negocio/obj/Debug/Ferreteria.Negocio.dll'
2020-08-11 17:01:39: Copiar Sobre 'E:/Proyecto BD II Cuatrimestre V2/Fuente/Proyecto/Ferreteria/Ferreteria.Negocio/obj/Debug/Ferreteria.Negocio.pdb' -> 'C:/Users/maguilar/OneDrive/UH/Proyecto BD II Cuatrimestre V2/Fuente/Proyecto/Ferreteria/Ferreteria.Negocio/obj/Debug/Ferreteria.Negocio.pdb'
2020-08-11 17:01:39: Copiar Sobre 'E:/Proyecto BD II Cuatrimestre V2/Fuente/Proyecto/Ferreteria/Ferreteria.Presentacion/bin/Debug/Ferreteria.Datos.dll' -> 'C:/Users/maguilar/OneDrive/UH/Proyecto BD II Cuatrimestre V2/Fuente/Proyecto/Ferreteria/Ferreteria.Presentacion/bin/Debug/Ferreteria.Datos.dll'
2020-08-11 17:01:39: Copiar Sobre 'E:/Proyecto BD II Cuatrimestre V2/Fuente/Proyecto/Ferreteria/Ferreteria.Presentacion/bin/Debug/Ferreteria.Datos.pdb' -> 'C:/Users/maguilar/OneDrive/UH/Proyecto BD II Cuatrimestre V2/Fuente/Proyecto/Ferreteria/Ferreteria.Presentacion/bin/Debug/Ferreteria.Datos.pdb'
2020-08-11 17:01:39: Copiar Sobre 'E:/Proyecto BD II Cuatrimestre V2/Fuente/Proyecto/Ferreteria/Ferreteria.Presentacion/bin/Debug/Ferreteria.Entidades.dll' -> 'C:/Users/maguilar/OneDrive/UH/Proyecto BD II Cuatrimestre V2/Fuente/Proyecto/Ferreteria/Ferreteria.Presentacion/bin/Debug/Ferreteria.Entidades.dll'
2020-08-11 17:01:39: Copiar Sobre 'E:/Proyecto BD II Cuatrimestre V2/Fuente/Proyecto/Ferreteria/Ferreteria.Presentacion/bin/Debug/Ferreteria.Entidades.pdb' -> 'C:/Users/maguilar/OneDrive/UH/Proyecto BD II Cuatrimestre V2/Fuente/Proyecto/Ferreteria/Ferreteria.Presentacion/bin/Debug/Ferreteria.Entidades.pdb'
2020-08-11 17:01:39: Copiar Sobre 'E:/Proyecto BD II Cuatrimestre V2/Fuente/Proyecto/Ferreteria/Ferreteria.Presentacion/bin/Debug/Ferreteria.Negocio.dll' -> 'C:/Users/maguilar/OneDrive/UH/Proyecto BD II Cuatrimestre V2/Fuente/Proyecto/Ferreteria/Ferreteria.Presentacion/bin/Debug/Ferreteria.Negocio.dll'
2020-08-11 17:01:39: Copiar Sobre 'E:/Proyecto BD II Cuatrimestre V2/Fuente/Proyecto/Ferreteria/Ferreteria.Presentacion/bin/Debug/Ferreteria.Negocio.pdb' -> 'C:/Users/maguilar/OneDrive/UH/Proyecto BD II Cuatrimestre V2/Fuente/Proyecto/Ferreteria/Ferreteria.Presentacion/bin/Debug/Ferreteria.Negocio.pdb'
2020-08-11 17:01:39: Copiar Sobre 'E:/Proyecto BD II Cuatrimestre V2/Fuente/Proyecto/Ferreteria/Ferreteria.Presentacion/bin/Debug/Ferreteria.Presentacion.exe' -> 'C:/Users/maguilar/OneDrive/UH/Proyecto BD II Cuatrimestre V2/Fuente/Proyecto/Ferreteria/Ferreteria.Presentacion/bin/Debug/Ferreteria.Presentacion.exe'
2020-08-11 17:01:39: Copiar Sobre 'E:/Proyecto BD II Cuatrimestre V2/Fuente/Proyecto/Ferreteria/Ferreteria.Presentacion/bin/Debug/Ferreteria.Presentacion.pdb' -> 'C:/Users/maguilar/OneDrive/UH/Proyecto BD II Cuatrimestre V2/Fuente/Proyecto/Ferreteria/Ferreteria.Presentacion/bin/Debug/Ferreteria.Presentacion.pdb'
2020-08-11 17:01:39: Copiar Sobre 'E:/Proyecto BD II Cuatrimestre V2/Fuente/Proyecto/Ferreteria/Ferreteria.Presentacion/Ferreteria.Presentacion.csproj' -> 'C:/Users/maguilar/OneDrive/UH/Proyecto BD II Cuatrimestre V2/Fuente/Proyecto/Ferreteria/Ferreteria.Presentacion/Ferreteria.Presentacion.csproj'
2020-08-11 17:01:39: Copiar Sobre 'E:/Proyecto BD II Cuatrimestre V2/Fuente/Proyecto/Ferreteria/Ferreteria.Presentacion/FRM_DATOS_EMPRESA.cs' -> 'C:/Users/maguilar/OneDrive/UH/Proyecto BD II Cuatrimestre V2/Fuente/Proyecto/Ferreteria/Ferreteria.Presentacion/FRM_DATOS_EMPRESA.cs'
2020-08-11 17:01:39: Copiar Sobre 'E:/Proyecto BD II Cuatrimestre V2/Fuente/Proyecto/Ferreteria/Ferreteria.Presentacion/FRM_DATOS_EMPRESA.Designer.cs' -> 'C:/Users/maguilar/OneDrive/UH/Proyecto BD II Cuatrimestre V2/Fuente/Proyecto/Ferreteria/Ferreteria.Presentacion/FRM_DATOS_EMPRESA.Designer.cs'
2020-08-11 17:01:39: Copiar Sobre 'E:/Proyecto BD II Cuatrimestre V2/Fuente/Proyecto/Ferreteria/Ferreteria.Presentacion/FRM_DATOS_EMPRESA.resx' -> 'C:/Users/maguilar/OneDrive/UH/Proyecto BD II Cuatrimestre V2/Fuente/Proyecto/Ferreteria/Ferreteria.Presentacion/FRM_DATOS_EMPRESA.resx'
2020-08-11 17:01:39: Copiar Nueva 'E:/Proyecto BD II Cuatrimestre V2/Fuente/Proyecto/Ferreteria/Ferreteria.Presentacion/FRM_Tipo_Identificacion.cs' -> 'C:/Users/maguilar/OneDrive/UH/Proyecto BD II Cuatrimestre V2/Fuente/Proyecto/Ferreteria/Ferreteria.Presentacion/FRM_Tipo_Identificacion.cs'
2020-08-11 17:01:39: Copiar Nueva 'E:/Proyecto BD II Cuatrimestre V2/Fuente/Proyecto/Ferreteria/Ferreteria.Presentacion/FRM_Tipo_Identificacion.Designer.cs' -> 'C:/Users/maguilar/OneDrive/UH/Proyecto BD II Cuatrimestre V2/Fuente/Proyecto/Ferreteria/Ferreteria.Presentacion/FRM_Tipo_Identificacion.Designer.cs'
2020-08-11 17:01:39: Copiar Nueva 'E:/Proyecto BD II Cuatrimestre V2/Fuente/Proyecto/Ferreteria/Ferreteria.Presentacion/FRM_Tipo_Identificacion.resx' -> 'C:/Users/maguilar/OneDrive/UH/Proyecto BD II Cuatrimestre V2/Fuente/Proyecto/Ferreteria/Ferreteria.Presentacion/FRM_Tipo_Identificacion.resx'
2020-08-11 17:01:39: Copiar Sobre 'E:/Proyecto BD II Cuatrimestre V2/Fuente/Proyecto/Ferreteria/Ferreteria.Presentacion/FRMPrincipal.cs' -> 'C:/Users/maguilar/OneDrive/UH/Proyecto BD II Cuatrimestre V2/Fuente/Proyecto/Ferreteria/Ferreteria.Presentacion/FRMPrincipal.cs'
2020-08-11 17:01:39: Copiar Sobre 'E:/Proyecto BD II Cuatrimestre V2/Fuente/Proyecto/Ferreteria/Ferreteria.Presentacion/FRMPrincipal.Designer.cs' -> 'C:/Users/maguilar/OneDrive/UH/Proyecto BD II Cuatrimestre V2/Fuente/Proyecto/Ferreteria/Ferreteria.Presentacion/FRMPrincipal.Designer.cs'
2020-08-11 17:01:39: Copiar Sobre 'E:/Proyecto BD II Cuatrimestre V2/Fuente/Proyecto/Ferreteria/Ferreteria.Presentacion/FRMPrincipal.resx' -> 'C:/Users/maguilar/OneDrive/UH/Proyecto BD II Cuatrimestre V2/Fuente/Proyecto/Ferreteria/Ferreteria.Presentacion/FRMPrincipal.resx'
2020-08-11 17:01:39: Copiar Sobre 'E:/Proyecto BD II Cuatrimestre V2/Fuente/Proyecto/Ferreteria/Ferreteria.Presentacion/FRMProvincias.cs' -> 'C:/Users/maguilar/OneDrive/UH/Proyecto BD II Cuatrimestre V2/Fuente/Proyecto/Ferreteria/Ferreteria.Presentacion/FRMProvincias.cs'
2020-08-11 17:01:39: Copiar Sobre 'E:/Proyecto BD II Cuatrimestre V2/Fuente/Proyecto/Ferreteria/Ferreteria.Presentacion/FRMProvincias.Designer.cs' -> 'C:/Users/maguilar/OneDrive/UH/Proyecto BD II Cuatrimestre V2/Fuente/Proyecto/Ferreteria/Ferreteria.Presentacion/FRMProvincias.Designer.cs'
2020-08-11 17:01:40: Copiar Sobre 'E:/Proyecto BD II Cuatrimestre V2/Fuente/Proyecto/Ferreteria/Ferreteria.Presentacion/FRMProvincias.resx' -> 'C:/Users/maguilar/OneDrive/UH/Proyecto BD II Cuatrimestre V2/Fuente/Proyecto/Ferreteria/Ferreteria.Presentacion/FRMProvincias.resx'
2020-08-11 17:01:40: Copiar Sobre 'E:/Proyecto BD II Cuatrimestre V2/Fuente/Proyecto/Ferreteria/Ferreteria.Presentacion/obj/Debug/DesignTimeResolveAssemblyReferencesInput.cache' -> 'C:/Users/maguilar/OneDrive/UH/Proyecto BD II Cuatrimestre V2/Fuente/Proyecto/Ferreteria/Ferreteria.Presentacion/obj/Debug/DesignTimeResolveAssemblyReferencesInput.cache'
2020-08-11 17:01:40: Copiar Sobre 'E:/Proyecto BD II Cuatrimestre V2/Fuente/Proyecto/Ferreteria/Ferreteria.Presentacion/obj/Debug/Ferreteria.Presentacion.csproj.CopyComplete' -> 'C:/Users/maguilar/OneDrive/UH/Proyecto BD II Cuatrimestre V2/Fuente/Proyecto/Ferreteria/Ferreteria.Presentacion/obj/Debug/Ferreteria.Presentacion.csproj.CopyComplete'
2020-08-11 17:01:40: Copiar Sobre 'E:/Proyecto BD II Cuatrimestre V2/Fuente/Proyecto/Ferreteria/Ferreteria.Presentacion/obj/Debug/Ferreteria.Presentacion.csproj.CoreCompileInputs.cache' -> 'C:/Users/maguilar/OneDrive/UH/Proyecto BD II Cuatrimestre V2/Fuente/Proyecto/Ferreteria/Ferreteria.Presentacion/obj/Debug/Ferreteria.Presentacion.csproj.CoreCompileInputs.cache'
2020-08-11 17:01:40: Copiar Sobre 'E:/Proyecto BD II Cuatrimestre V2/Fuente/Proyecto/Ferreteria/Ferreteria.Presentacion/obj/Debug/Ferreteria.Presentacion.csproj.FileListAbsolute.txt' -> 'C:/Users/maguilar/OneDrive/UH/Proyecto BD II Cuatrimestre V2/Fuente/Proyecto/Ferreteria/Ferreteria.Presentacion/obj/Debug/Ferreteria.Presentacion.csproj.FileListAbsolute.txt'
2020-08-11 17:01:40: Copiar Sobre 'E:/Proyecto BD II Cuatrimestre V2/Fuente/Proyecto/Ferreteria/Ferreteria.Presentacion/obj/Debug/Ferreteria.Presentacion.csproj.GenerateResource.cache' -> 'C:/Users/maguilar/OneDrive/UH/Proyecto BD II Cuatrimestre V2/Fuente/Proyecto/Ferreteria/Ferreteria.Presentacion/obj/Debug/Ferreteria.Presentacion.csproj.GenerateResource.cache'
2020-08-11 17:01:40: Copiar Sobre 'E:/Proyecto BD II Cuatrimestre V2/Fuente/Proyecto/Ferreteria/Ferreteria.Presentacion/obj/Debug/Ferreteria.Presentacion.csprojAssemblyReference.cache' -> 'C:/Users/maguilar/OneDrive/UH/Proyecto BD II Cuatrimestre V2/Fuente/Proyecto/Ferreteria/Ferreteria.Presentacion/obj/Debug/Ferreteria.Presentacion.csprojAssemblyReference.cache'
2020-08-11 17:01:40: Copiar Sobre 'E:/Proyecto BD II Cuatrimestre V2/Fuente/Proyecto/Ferreteria/Ferreteria.Presentacion/obj/Debug/Ferreteria.Presentacion.exe' -> 'C:/Users/maguilar/OneDrive/UH/Proyecto BD II Cuatrimestre V2/Fuente/Proyecto/Ferreteria/Ferreteria.Presentacion/obj/Debug/Ferreteria.Presentacion.exe'
2020-08-11 17:01:40: Copiar Sobre 'E:/Proyecto BD II Cuatrimestre V2/Fuente/Proyecto/Ferreteria/Ferreteria.Presentacion/obj/Debug/Ferreteria.Presentacion.FRM_DATOS_EMPRESA.resources' -> 'C:/Users/maguilar/OneDrive/UH/Proyecto BD II Cuatrimestre V2/Fuente/Proyecto/Ferreteria/Ferreteria.Presentacion/obj/Debug/Ferreteria.Presentacion.FRM_DATOS_EMPRESA.resources'
2020-08-11 17:01:40: Copiar Sobre 'E:/Proyecto BD II Cuatrimestre V2/Fuente/Proyecto/Ferreteria/Ferreteria.Presentacion/obj/Debug/Ferreteria.Presentacion.FRM_Def_Monedas.resources' -> 'C:/Users/maguilar/OneDrive/UH/Proyecto BD II Cuatrimestre V2/Fuente/Proyecto/Ferreteria/Ferreteria.Presentacion/obj/Debug/Ferreteria.Presentacion.FRM_Def_Monedas.resources'
2020-08-11 17:01:40: Copiar Nueva 'E:/Proyecto BD II Cuatrimestre V2/Fuente/Proyecto/Ferreteria/Ferreteria.Presentacion/obj/Debug/Ferreteria.Presentacion.FRM_Tipo_Identificacion.resources' -> 'C:/Users/maguilar/OneDrive/UH/Proyecto BD II Cuatrimestre V2/Fuente/Proyecto/Ferreteria/Ferreteria.Presentacion/obj/Debug/Ferreteria.Presentacion.FRM_Tipo_Identificacion.resources'
2020-08-11 17:01:40: Copiar Sobre 'E:/Proyecto BD II Cuatrimestre V2/Fuente/Proyecto/Ferreteria/Ferreteria.Presentacion/obj/Debug/Ferreteria.Presentacion.FRM_Unds_Medidas.resources' -> 'C:/Users/maguilar/OneDrive/UH/Proyecto BD II Cuatrimestre V2/Fuente/Proyecto/Ferreteria/Ferreteria.Presentacion/obj/Debug/Ferreteria.Presentacion.FRM_Unds_Medidas.resources'
2020-08-11 17:01:40: Copiar Sobre 'E:/Proyecto BD II Cuatrimestre V2/Fuente/Proyecto/Ferreteria/Ferreteria.Presentacion/obj/Debug/Ferreteria.Presentacion.FRMArticulos.resources' -> 'C:/Users/maguilar/OneDrive/UH/Proyecto BD II Cuatrimestre V2/Fuente/Proyecto/Ferreteria/Ferreteria.Presentacion/obj/Debug/Ferreteria.Presentacion.FRMArticulos.resources'
2020-08-11 17:01:40: Copiar Sobre 'E:/Proyecto BD II Cuatrimestre V2/Fuente/Proyecto/Ferreteria/Ferreteria.Presentacion/obj/Debug/Ferreteria.Presentacion.FRMCategoria.resources' -> 'C:/Users/maguilar/OneDrive/UH/Proyecto BD II Cuatrimestre V2/Fuente/Proyecto/Ferreteria/Ferreteria.Presentacion/obj/Debug/Ferreteria.Presentacion.FRMCategoria.resources'
2020-08-11 17:01:40: Copiar Sobre 'E:/Proyecto BD II Cuatrimestre V2/Fuente/Proyecto/Ferreteria/Ferreteria.Presentacion/obj/Debug/Ferreteria.Presentacion.FRMLogin.resources' -> 'C:/Users/maguilar/OneDrive/UH/Proyecto BD II Cuatrimestre V2/Fuente/Proyecto/Ferreteria/Ferreteria.Presentacion/obj/Debug/Ferreteria.Presentacion.FRMLogin.resources'
2020-08-11 17:01:40: Copiar Sobre 'E:/Proyecto BD II Cuatrimestre V2/Fuente/Proyecto/Ferreteria/Ferreteria.Presentacion/obj/Debug/Ferreteria.Presentacion.FRMPrincipal.resources' -> 'C:/Users/maguilar/OneDrive/UH/Proyecto BD II Cuatrimestre V2/Fuente/Proyecto/Ferreteria/Ferreteria.Presentacion/obj/Debug/Ferreteria.Presentacion.FRMPrincipal.resources'
2020-08-11 17:01:40: Copiar Sobre 'E:/Proyecto BD II Cuatrimestre V2/Fuente/Proyecto/Ferreteria/Ferreteria.Presentacion/obj/Debug/Ferreteria.Presentacion.FRMProvincias.resources' -> 'C:/Users/maguilar/OneDrive/UH/Proyecto BD II Cuatrimestre V2/Fuente/Proyecto/Ferreteria/Ferreteria.Presentacion/obj/Debug/Ferreteria.Presentacion.FRMProvincias.resources'
2020-08-11 17:01:40: Copiar Sobre 'E:/Proyecto BD II Cuatrimestre V2/Fuente/Proyecto/Ferreteria/Ferreteria.Presentacion/obj/Debug/Ferreteria.Presentacion.FRMTipo_Cia.resources' -> 'C:/Users/maguilar/OneDrive/UH/Proyecto BD II Cuatrimestre V2/Fuente/Proyecto/Ferreteria/Ferreteria.Presentacion/obj/Debug/Ferreteria.Presentacion.FRMTipo_Cia.resources'
2020-08-11 17:01:40: Copiar Sobre 'E:/Proyecto BD II Cuatrimestre V2/Fuente/Proyecto/Ferreteria/Ferreteria.Presentacion/obj/Debug/Ferreteria.Presentacion.FRMTiposCambio.resources' -> 'C:/Users/maguilar/OneDrive/UH/Proyecto BD II Cuatrimestre V2/Fuente/Proyecto/Ferreteria/Ferreteria.Presentacion/obj/Debug/Ferreteria.Presentacion.FRMTiposCambio.resources'
2020-08-11 17:01:40: Copiar Sobre 'E:/Proyecto BD II Cuatrimestre V2/Fuente/Proyecto/Ferreteria/Ferreteria.Presentacion/obj/Debug/Ferreteria.Presentacion.pdb' -> 'C:/Users/maguilar/OneDrive/UH/Proyecto BD II Cuatrimestre V2/Fuente/Proyecto/Ferreteria/Ferreteria.Presentacion/obj/Debug/Ferreteria.Presentacion.pdb'
2020-08-11 17:01:40: Copiar Sobre 'E:/Proyecto BD II Cuatrimestre V2/Fuente/Proyecto/Ferreteria/Ferreteria.Presentacion/obj/Debug/Ferreteria.Presentacion.Properties.Resources.resources' -> 'C:/Users/maguilar/OneDrive/UH/Proyecto BD II Cuatrimestre V2/Fuente/Proyecto/Ferreteria/Ferreteria.Presentacion/obj/Debug/Ferreteria.Presentacion.Properties.Resources.resources'
2020-08-11 17:01:40: Elementos Sincronizados OK: 79, Errores: 0
2020-08-11 17:01:40: == Sinc. Completa. Tiempo: 00:00:01, Velocidad: 3,34 MB/s
2020-08-11 17:01:40: 
